PRT1
110
320
4 0 3 (2560 2048 -810 ) (2560 2048 832 ) (2048 2048 832 ) (2048 2048 -810 ) 
4 0 1 (2048 2048 -810 ) (2048 2048 832 ) (2048 2560 832 ) (2048 2560 -810 ) 
4 1 5 (2048 2048 -810 ) (2048 2048 832 ) (1024 2048 832 ) (1024 2048 -810 ) 
4 1 2 (1024 2048 -810 ) (1024 2048 832 ) (1024 2560 832 ) (1024 2560 -810 ) 
4 2 46 (0 2048 -810 ) (0 2048 832 ) (0 2560 832 ) (0 2560 -810 ) 
4 2 6 (1024 2048 -810 ) (1024 2048 832 ) (0 2048 832 ) (0 2048 -810 ) 
4 3 5 (2048 2048 832 ) (2048 2048 -810 ) (2048 1024 -810 ) (2048 1024 832 ) 
4 3 4 (2560 1024 -810 ) (2560 1024 832 ) (2048 1024 832 ) (2048 1024 -810 ) 
4 4 60 (2560 0 -810 ) (2560 0 832 ) (2048 0 832 ) (2048 0 -810 ) 
4 4 7 (2048 0 -810 ) (2048 0 832 ) (2048 1024 832 ) (2048 1024 -810 ) 
4 5 8 (1152 1024 832 ) (1024 1024 832 ) (1024 1024 -810 ) (1152 1024 -810 ) 
4 5 7 (2048 1024 -810 ) (2048 1024 832 ) (1152 1024 832 ) (1152 1024 -810 ) 
4 5 6 (1024 2048 832 ) (1024 2048 -810 ) (1024 1024 -810 ) (1024 1024 832 ) 
4 6 49 (0 1024 -810 ) (0 1024 832 ) (0 2048 832 ) (0 2048 -810 ) 
4 6 42 (512 1024 -128 ) (256 1024 -128 ) (256 1024 -810 ) (512 1024 -810 ) 
4 6 41 (1024 1024 -810 ) (1024 1024 -128 ) (512 1024 -128 ) (512 1024 -810 ) 
4 6 44 (256 1024 -128 ) (0 1024 -128 ) (0 1024 -810 ) (256 1024 -810 ) 
4 6 36 (768 1024 0 ) (384 1024 0 ) (384 1024 -128 ) (768 1024 -128 ) 
4 6 35 (1024 1024 -128 ) (1024 1024 0 ) (768 1024 0 ) (768 1024 -128 ) 
4 6 37 (384 1024 0 ) (0 1024 0 ) (0 1024 -128 ) (384 1024 -128 ) 
4 6 24 (738 1024 128.048004 ) (384 1024 128.048004 ) (384 1024 0 ) (738 1024 0 ) 
4 6 34 (384 1024 128.048004 ) (0 1024 128.048004 ) (0 1024 0 ) (384 1024 0 ) 
4 6 16 (758 1024 128.048004 ) (738 1024 128.048004 ) (738 1024 0 ) (758 1024 0 ) 
4 6 15 (768 1024 128.048004 ) (758 1024 128.048004 ) (758 1024 0 ) (768 1024 0 ) 
4 6 14 (1024 1024 0 ) (1024 1024 128.048004 ) (768 1024 128.048004 ) (768 1024 0 ) 
4 6 12 (770 1024 152 ) (382 1024 152 ) (382 1024 128.048004 ) (770 1024 128.048004 ) 
4 6 11 (1024 1024 128.048004 ) (1024 1024 152 ) (770 1024 152 ) (770 1024 128.048004 ) 
4 6 13 (382 1024 152 ) (0 1024 152 ) (0 1024 128.048004 ) (382 1024 128.048004 ) 
4 6 10 (1024 1024 152 ) (1024 1024 832 ) (0 1024 832 ) (0 1024 152 ) 
4 7 62 (2048 0 -810 ) (2048 0 832 ) (1152 0 832 ) (1152 0 -810 ) 
4 7 9 (1152 0 -669 ) (1152 0 832 ) (1152 384 832 ) (1152 384 -669 ) 
4 7 8 (1152 1024 -810 ) (1152 384 -810 ) (1152 384 832 ) (1152 1024 832 ) 
4 8 41 (1024 1024 -128 ) (1024 1024 -810 ) (1024 384 -810 ) (1024 384 -128 ) 
4 8 35 (1024 1024 0 ) (1024 1024 -128 ) (1024 384 -128 ) (1024 384 0 ) 
4 8 14 (1024 1024 128.048004 ) (1024 1024 0 ) (1024 384 0 ) (1024 384 128.048004 ) 
4 8 11 (1024 1024 152 ) (1024 1024 128.048004 ) (1024 384 128.048004 ) (1024 384 152 ) 
4 8 10 (1024 1024 832 ) (1024 1024 152 ) (1024 384 152 ) (1024 384 832 ) 
4 8 9 (1152 384 -669 ) (1152 384 832 ) (1024 384 832 ) (1024 384 -669 ) 
4 9 63 (1152 0 832 ) (1024 0 832 ) (1024 0 -669 ) (1152 0 -669 ) 
4 9 45 (1024 0 -669 ) (1024 0 -128 ) (1024 384 -128 ) (1024 384 -669 ) 
4 9 38 (1024 0 -128 ) (1024 0 0 ) (1024 374 0 ) (1024 374 -128 ) 
4 9 35 (1024 374 0 ) (1024 384 0 ) (1024 384 -128 ) (1024 374 -128 ) 
4 9 14 (1024 0 0 ) (1024 0 128.048004 ) (1024 384 128.048004 ) (1024 384 0 ) 
4 9 11 (1024 0 128.048004 ) (1024 0 152 ) (1024 384 152 ) (1024 384 128.048004 ) 
4 9 10 (1024 0 152 ) (1024 0 832 ) (1024 384 832 ) (1024 384 152 ) 
4 10 65 (1024 0 152 ) (1024 0 832 ) (0 0 832 ) (0 0 152 ) 
4 10 52 (0 0 152 ) (0 0 832 ) (0 320 832 ) (0 320 152 ) 
4 10 51 (0 320 832 ) (0 1024 832 ) (0 1024 152 ) (0 320 152 ) 
4 10 12 (382 386 152 ) (382 1024 152 ) (770 1024 152 ) (770 386 152 ) 
4 10 11 (1024 1024 152 ) (1024 0 152 ) (770 0 152 ) (770 1024 152 ) 
4 10 13 (382 0 152 ) (0 0 152 ) (0 1024 152 ) (382 1024 152 ) 
4 11 66 (1024 0 128.048004 ) (1024 0 152 ) (770 0 152 ) (770 0 128.048004 ) 
4 11 14 (1024 0 128.048004 ) (770 0 128.048004 ) (770 1024 128.048004 ) (1024 1024 128.048004 ) 
4 11 12 (770 1024 128.048004 ) (770 386 128.048004 ) (770 386 152 ) (770 1024 152 ) 
4 12 24 (384 1024 128.048004 ) (738 1024 128.048004 ) (738 386 128.048004 ) (384 386 128.048004 ) 
4 12 34 (382 386 128.048004 ) (382 1024 128.048004 ) (384 1024 128.048004 ) (384 386 128.048004 ) 
4 12 16 (738 1024 128.048004 ) (758 1024 128.048004 ) (758 386 128.048004 ) (738 386 128.048004 ) 
4 12 15 (758 1024 128.048004 ) (768 1024 128.048004 ) (768 386 128.048004 ) (758 386 128.048004 ) 
4 12 14 (768 1024 128.048004 ) (770 1024 128.048004 ) (770 386 128.048004 ) (768 386 128.048004 ) 
4 12 13 (382 1024 128.048004 ) (382 386 128.048004 ) (382 386 152 ) (382 1024 152 ) 
4 13 68 (382 0 152 ) (0 0 152 ) (0 0 128.048004 ) (382 0 128.048004 ) 
4 13 52 (0 0 128.048004 ) (0 0 152 ) (0 320 152 ) (0 320 128.048004 ) 
4 13 51 (0 320 152 ) (0 1024 152 ) (0 1024 128.048004 ) (0 320 128.048004 ) 
4 13 34 (382 0 128.048004 ) (0 0 128.048004 ) (0 1024 128.048004 ) (382 1024 128.048004 ) 
4 14 69 (1024 0 0 ) (1024 0 128.048004 ) (768 0 128.048004 ) (768 0 0 ) 
4 14 38 (1024 374 0 ) (1024 0 0 ) (768 0 0 ) (768 374 0 ) 
4 14 35 (1024 1024 0 ) (1024 374 0 ) (768 374 0 ) (768 1024 0 ) 
4 14 15 (768 1024 0 ) (768 384 0 ) (768 384 128.048004 ) (768 1024 128.048004 ) 
4 15 36 (758 384 0 ) (758 1024 0 ) (768 1024 0 ) (768 384 0 ) 
4 15 16 (758 1024 0 ) (758 384 0 ) (758 384 128.048004 ) (758 1024 128.048004 ) 
4 16 36 (738 384 0 ) (738 1024 0 ) (758 1024 0 ) (758 384 0 ) 
4 16 24 (738 1024 0 ) (738 384 0 ) (738 384 128.048004 ) (738 1024 128.048004 ) 
4 17 25 (738 374 0 ) (738 200 0 ) (738 200 128.048004 ) (738 374 128.048004 ) 
4 17 18 (738 200 128.048004 ) (738 200 96 ) (758 200 96 ) (758 200 128.048004 ) 
4 18 27 (738 163 96 ) (738 163 128.048004 ) (738 166 128.048004 ) (738 166 96 ) 
4 18 25 (738 166 128.048004 ) (738 200 128.048004 ) (738 200 96 ) (738 166 96 ) 
4 18 19 (738 163 128.048004 ) (738 163 96 ) (758 163 96 ) (758 163 128.048004 ) 
4 19 27 (738 147 96 ) (738 147 128.048004 ) (738 163 128.048004 ) (738 163 96 ) 
4 19 21 (738 147 128.048004 ) (738 147 96 ) (758 147 96 ) (758 147 128.048004 ) 
4 20 28 (738 147 47 ) (738 147 82 ) (738 163 82 ) (738 163 47 ) 
4 21 27 (738 144 128.048004 ) (738 147 128.048004 ) (738 147 96 ) (738 144 96 ) 
4 21 26 (738 143 96 ) (738 143 128.048004 ) (738 144 128.048004 ) (738 144 96 ) 
4 21 22 (738 143 128.048004 ) (738 143 96 ) (758 143 96 ) (758 143 128.048004 ) 
4 22 26 (738 143 0 ) (738 133 0 ) (738 133 128.048004 ) (738 143 128.048004 ) 
4 23 78 (738 0 39 ) (738 0 0 ) (758 0 0 ) (758 0 39 ) 
4 23 73 (738 0 112 ) (738 0 39 ) (758 0 39 ) (758 0 112 ) 
4 23 71 (758 0 128.048004 ) (738 0 128.048004 ) (738 0 112 ) (758 0 112 ) 
4 23 32 (738 123 0 ) (738 0 0 ) (738 0 128.048004 ) (738 123 128.048004 ) 
4 24 36 (384 384 0 ) (384 1024 0 ) (738 1024 0 ) (738 384 0 ) 
4 24 34 (384 1024 0 ) (384 384 0 ) (384 384 128.048004 ) (384 1024 128.048004 ) 
4 25 31 (448 133 0 ) (576 133 0 ) (576 133 110 ) (448 133 110 ) 
4 25 28 (738 166 47 ) (738 166 82 ) (732 160 82 ) (732 160 47 ) 
4 25 29 (732 160 0 ) (738 166 0 ) (738 166 45 ) (732 160 45 ) 
4 25 27 (738 166 96 ) (738 166 128.048004 ) (732 160 128.048004 ) (732 160 90 ) 
4 25 30 (705 133 128.048004 ) (705 133 0 ) (732 160 0 ) (732 160 128.048004 ) 
4 26 28 (738 143.998047 82 ) (738 143.998047 47 ) (732 149.998047 47 ) (732 149.998047 82 ) 
4 26 29 (738 143.998047 45 ) (738 143.998047 0 ) (732 149.998047 0 ) (732 149.998047 45 ) 
4 26 27 (738 143.998047 128.048004 ) (738 143.998047 96 ) (732 149.998047 90 ) (732 149.998047 128.048004 ) 
4 26 30 (732 150 0 ) (732 133 0 ) (732 133 128.048004 ) (732 150 128.048004 ) 
4 27 30 (732 159.998047 128.048004 ) (732 159.998047 90 ) (732 150 90 ) (732 150 128.048004 ) 
4 28 30 (732 159.998047 82 ) (732 159.998047 47 ) (732 150 47 ) (732 150 82 ) 
4 29 30 (732 159.998047 45 ) (732 159.998047 0 ) (732 150 0 ) (732 150 45 ) 
4 31 32 (448 123 0 ) (576 123 0 ) (576 123 110 ) (448 123 110 ) 
4 32 78 (394 0 39 ) (394 0 0 ) (738 0 0 ) (738 0 39 ) 
4 32 76 (394 0 112 ) (394 0 39 ) (429 0 39 ) (429 0 112 ) 
4 32 73 (723 0 39 ) (738 0 39 ) (738 0 112 ) (723 0 112 ) 
4 32 75 (429 0 39 ) (723 0 39 ) (723 0 112 ) (429 0 112 ) 
4 32 71 (738 0 128.048004 ) (394 0 128.048004 ) (394 0 112 ) (738 0 112 ) 
4 32 33 (394 24 0 ) (394 0 0 ) (394 0 108.047997 ) (394 24 108.047997 ) 
4 33 80 (384 0 108.047997 ) (384 0 0 ) (394 0 0 ) (394 0 108.047997 ) 
4 33 34 (384 24 0 ) (384 0 0 ) (384 0 108.047997 ) (384 24 108.047997 ) 
4 34 81 (384 0 128.048004 ) (0 0 128.048004 ) (0 0 0 ) (384 0 0 ) 
4 34 52 (0 0 0 ) (0 0 128.048004 ) (0 320 128.048004 ) (0 320 0 ) 
4 34 51 (0 320 128.048004 ) (0 1024 128.048004 ) (0 1024 0 ) (0 320 0 ) 
4 34 40 (0 320 0 ) (0 374 0 ) (384 374 0 ) (384 320 0 ) 
4 34 37 (0 374 0 ) (0 1024 0 ) (384 1024 0 ) (384 374 0 ) 
4 35 45 (1024 384 -128 ) (1024 374 -128 ) (768 374 -128 ) (768 384 -128 ) 
4 35 41 (768 1024 -128 ) (1024 1024 -128 ) (1024 384 -128 ) (768 384 -128 ) 
4 35 38 (768 374 -128 ) (1024 374 -128 ) (1024 374 0 ) (768 374 0 ) 
4 35 36 (768 1024 -128 ) (768 384 -128 ) (768 384 0 ) (768 1024 0 ) 
4 36 43 (512 733 -128 ) (512 384 -128 ) (384 384 -128 ) (384 733 -128 ) 
4 36 42 (384 1024 -128 ) (512 1024 -128 ) (512 733 -128 ) (384 733 -128 ) 
4 36 41 (512 1024 -128 ) (768 1024 -128 ) (768 384 -128 ) (512 384 -128 ) 
4 36 37 (384 1024 -128 ) (384 384 -128 ) (384 384 0 ) (384 1024 0 ) 
4 37 51 (0 374 0 ) (0 1024 0 ) (0 1024 -128 ) (0 374 -128 ) 
4 37 45 (0 374 -128 ) (0 384 -128 ) (384 384 -128 ) (384 374 -128 ) 
4 37 43 (384 733 -128 ) (384 384 -128 ) (256 384 -128 ) (256 733 -128 ) 
4 37 42 (256 1024 -128 ) (384 1024 -128 ) (384 733 -128 ) (256 733 -128 ) 
4 37 44 (0 384 -128 ) (0 1024 -128 ) (256 1024 -128 ) (256 384 -128 ) 
4 37 40 (0 374 -128 ) (384 374 -128 ) (384 374 0 ) (0 374 0 ) 
4 38 84 (1024 0 -128 ) (1024 0 0 ) (768 0 0 ) (768 0 -128 ) 
4 38 45 (1024 0 -128 ) (768 0 -128 ) (768 374 -128 ) (1024 374 -128 ) 
4 39 85 (394 0 -98 ) (394 0 -128 ) (758 0 -128 ) (758 0 -98 ) 
4 39 45 (758 0 -128 ) (394 0 -128 ) (394 374 -128 ) (758 374 -128 ) 
4 40 51 (0 320 0 ) (0 374 0 ) (0 374 -128 ) (0 320 -128 ) 
4 40 45 (0 320 -128 ) (0 374 -128 ) (384 374 -128 ) (384 320 -128 ) 
4 41 45 (1024 384 -669 ) (1024 384 -128 ) (512 384 -128 ) (512 384 -669 ) 
4 41 43 (512 384 -669 ) (512 384 -128 ) (512 733 -128 ) (512 733 -669 ) 
4 41 42 (512 1024 -810 ) (512 733 -810 ) (512 733 -128 ) (512 1024 -128 ) 
4 42 43 (256 733 -128 ) (256 733 -669 ) (512 733 -669 ) (512 733 -128 ) 
4 42 44 (256 1024 -810 ) (256 733 -810 ) (256 733 -128 ) (256 1024 -128 ) 
4 43 45 (512 384 -669 ) (512 384 -128 ) (256 384 -128 ) (256 384 -669 ) 
4 43 44 (256 384 -669 ) (256 384 -128 ) (256 733 -128 ) (256 733 -669 ) 
4 44 54 (0 384 -128 ) (0 1024 -128 ) (0 1024 -810 ) (0 384 -810 ) 
4 44 45 (256 384 -669 ) (256 384 -128 ) (0 384 -128 ) (0 384 -669 ) 
4 45 89 (1024 0 -669 ) (1024 0 -128 ) (0 0 -128 ) (0 0 -669 ) 
4 45 55 (0 0 -669 ) (0 0 -128 ) (0 384 -128 ) (0 384 -669 ) 
4 46 49 (0 2048 -810 ) (0 2048 832 ) (-1024 2048 832 ) (-1024 2048 -810 ) 
4 46 47 (-1024 2048 -810 ) (-1024 2048 832 ) (-1024 2560 832 ) (-1024 2560 -810 ) 
4 47 50 (-1024 2048 -810 ) (-1024 2048 832 ) (-2048 2048 832 ) (-2048 2048 -810 ) 
4 47 48 (-2048 2048 -810 ) (-2048 2048 832 ) (-2048 2560 832 ) (-2048 2560 -810 ) 
4 48 58 (-2048 2048 -810 ) (-2048 2048 832 ) (-2560 2048 832 ) (-2560 2048 -810 ) 
4 49 54 (0 1024 -810 ) (0 1024 -128 ) (-384 1024 -128 ) (-384 1024 -810 ) 
4 49 56 (-384 1024 -128 ) (-1024 1024 -128 ) (-1024 1024 -810 ) (-384 1024 -810 ) 
4 49 51 (0 1024 -128 ) (0 1024 832 ) (-256 1024 832 ) (-256 1024 -128 ) 
4 49 53 (-256 1024 832 ) (-1024 1024 832 ) (-1024 1024 -128 ) (-256 1024 -128 ) 
4 49 50 (-1024 2048 832 ) (-1024 2048 -810 ) (-1024 1024 -810 ) (-1024 1024 832 ) 
4 50 58 (-2048 2048 832 ) (-2048 2048 -810 ) (-2048 1024 -810 ) (-2048 1024 832 ) 
4 50 57 (-1024 1024 -810 ) (-1024 1024 832 ) (-2048 1024 832 ) (-2048 1024 -810 ) 
4 51 55 (0 384 -128 ) (0 320 -128 ) (-256 320 -128 ) (-256 384 -128 ) 
4 51 54 (-256 1024 -128 ) (0 1024 -128 ) (0 384 -128 ) (-256 384 -128 ) 
4 51 52 (-256 320 832 ) (-256 320 0 ) (0 320 0 ) (0 320 832 ) 
4 51 53 (-256 1024 -128 ) (-256 320 -128 ) (-256 320 832 ) (-256 1024 832 ) 
4 52 96 (0 0 0 ) (0 0 832 ) (-256 0 832 ) (-256 0 0 ) 
4 52 53 (-256 0 0 ) (-256 0 832 ) (-256 320 832 ) (-256 320 0 ) 
4 53 98 (-256 0 832 ) (-1024 0 832 ) (-1024 0 -128 ) (-256 0 -128 ) 
4 53 57 (-1024 1024 832 ) (-1024 1024 -128 ) (-1024 0 -128 ) (-1024 0 832 ) 
4 53 55 (-256 384 -128 ) (-256 0 -128 ) (-384 0 -128 ) (-384 384 -128 ) 
4 53 54 (-384 1024 -128 ) (-256 1024 -128 ) (-256 384 -128 ) (-384 384 -128 ) 
4 53 56 (-1024 1024 -128 ) (-384 1024 -128 ) (-384 0 -128 ) (-1024 0 -128 ) 
4 54 55 (-384 384 -128 ) (-384 384 -669 ) (0 384 -669 ) (0 384 -128 ) 
4 54 56 (-384 1024 -810 ) (-384 384 -810 ) (-384 384 -128 ) (-384 1024 -128 ) 
4 55 99 (0 0 -669 ) (0 0 -128 ) (-384 0 -128 ) (-384 0 -669 ) 
4 55 56 (-384 0 -669 ) (-384 0 -128 ) (-384 384 -128 ) (-384 384 -669 ) 
4 56 101 (-384 0 -128 ) (-1024 0 -128 ) (-1024 0 -810 ) (-384 0 -810 ) 
4 56 57 (-1024 1024 -128 ) (-1024 1024 -810 ) (-1024 0 -810 ) (-1024 0 -128 ) 
4 57 102 (-1024 0 -810 ) (-1024 0 832 ) (-2048 0 832 ) (-2048 0 -810 ) 
4 57 59 (-2048 0 -810 ) (-2048 0 832 ) (-2048 1024 832 ) (-2048 1024 -810 ) 
4 58 59 (-2048 1024 -810 ) (-2048 1024 832 ) (-2560 1024 832 ) (-2560 1024 -810 ) 
4 59 105 (-2048 0 -810 ) (-2048 0 832 ) (-2560 0 832 ) (-2560 0 -810 ) 
4 60 62 (2048 0 832 ) (2048 0 -810 ) (2048 -1024 -810 ) (2048 -1024 832 ) 
4 60 61 (2560 -1024 -810 ) (2560 -1024 832 ) (2048 -1024 832 ) (2048 -1024 -810 ) 
4 61 93 (2560 -2048 -810 ) (2560 -2048 832 ) (2048 -2048 832 ) (2048 -2048 -810 ) 
4 61 91 (2048 -2048 -810 ) (2048 -2048 832 ) (2048 -1024 832 ) (2048 -1024 -810 ) 
4 62 91 (2048 -1024 -810 ) (2048 -1024 832 ) (1152 -1024 832 ) (1152 -1024 -810 ) 
4 62 63 (1152 -384 -669 ) (1152 -384 832 ) (1152 0 832 ) (1152 0 -669 ) 
4 62 64 (1152 -384 -810 ) (1152 -1024 -810 ) (1152 -1024 832 ) (1152 -384 832 ) 
4 63 89 (1024 0 -128 ) (1024 0 -669 ) (1024 -384 -669 ) (1024 -384 -128 ) 
4 63 86 (1024 -118 -128 ) (1024 -384 -128 ) (1024 -384 0 ) (1024 -118 0 ) 
4 63 84 (1024 0 0 ) (1024 0 -128 ) (1024 -118 -128 ) (1024 -118 0 ) 
4 63 69 (1024 0 128.048004 ) (1024 0 0 ) (1024 -384 0 ) (1024 -384 128.048004 ) 
4 63 66 (1024 0 152 ) (1024 0 128.048004 ) (1024 -384 128.048004 ) (1024 -384 152 ) 
4 63 65 (1024 0 832 ) (1024 0 152 ) (1024 -384 152 ) (1024 -384 832 ) 
4 63 64 (1152 -384 -669 ) (1152 -384 832 ) (1024 -384 832 ) (1024 -384 -669 ) 
4 64 91 (1152 -1024 832 ) (1024 -1024 832 ) (1024 -1024 -810 ) (1152 -1024 -810 ) 
4 64 90 (1024 -384 -810 ) (1024 -1024 -810 ) (1024 -1024 -128 ) (1024 -384 -128 ) 
4 64 86 (1024 -1024 -128 ) (1024 -1024 0 ) (1024 -384 0 ) (1024 -384 -128 ) 
4 64 69 (1024 -1024 0 ) (1024 -1024 128.048004 ) (1024 -384 128.048004 ) (1024 -384 0 ) 
4 64 66 (1024 -1024 128.048004 ) (1024 -1024 152 ) (1024 -384 152 ) (1024 -384 128.048004 ) 
4 64 65 (1024 -1024 152 ) (1024 -1024 832 ) (1024 -384 832 ) (1024 -384 152 ) 
4 65 96 (0 0 832 ) (0 0 152 ) (0 -256 152 ) (0 -256 832 ) 
4 65 97 (0 -256 152 ) (0 -1024 152 ) (0 -1024 832 ) (0 -256 832 ) 
4 65 92 (1024 -1024 152 ) (1024 -1024 832 ) (0 -1024 832 ) (0 -1024 152 ) 
4 65 67 (770 -130 152 ) (770 -1024 152 ) (382 -1024 152 ) (382 -130 152 ) 
4 65 66 (770 0 152 ) (1024 0 152 ) (1024 -1024 152 ) (770 -1024 152 ) 
4 65 68 (0 0 152 ) (382 0 152 ) (382 -1024 152 ) (0 -1024 152 ) 
4 66 92 (1024 -1024 128.048004 ) (1024 -1024 152 ) (770 -1024 152 ) (770 -1024 128.048004 ) 
4 66 69 (1024 -1024 128.048004 ) (770 -1024 128.048004 ) (770 0 128.048004 ) (1024 0 128.048004 ) 
4 66 67 (770 -130 128.048004 ) (770 -1024 128.048004 ) (770 -1024 152 ) (770 -130 152 ) 
4 67 92 (770 -1024 152 ) (382 -1024 152 ) (382 -1024 128.048004 ) (770 -1024 128.048004 ) 
4 67 82 (394 -1024 128.048004 ) (384 -1024 128.048004 ) (384 -130 128.048004 ) (394 -130 128.048004 ) 
4 67 83 (384 -1024 128.048004 ) (382 -1024 128.048004 ) (382 -130 128.048004 ) (384 -130 128.048004 ) 
4 67 72 (758 -1024 128.048004 ) (394 -1024 128.048004 ) (394 -130 128.048004 ) (758 -130 128.048004 ) 
4 67 70 (768 -1024 128.048004 ) (758 -1024 128.048004 ) (758 -130 128.048004 ) (768 -130 128.048004 ) 
4 67 69 (770 -1024 128.048004 ) (768 -1024 128.048004 ) (768 -130 128.048004 ) (770 -130 128.048004 ) 
4 67 68 (382 -130 128.048004 ) (382 -1024 128.048004 ) (382 -1024 152 ) (382 -130 152 ) 
4 68 96 (0 0 152 ) (0 0 128.048004 ) (0 -256 128.048004 ) (0 -256 152 ) 
4 68 97 (0 -256 128.048004 ) (0 -1024 128.048004 ) (0 -1024 152 ) (0 -256 152 ) 
4 68 92 (382 -1024 152 ) (0 -1024 152 ) (0 -1024 128.048004 ) (382 -1024 128.048004 ) 
4 68 83 (382 -1024 128.048004 ) (0 -1024 128.048004 ) (0 -24 128.048004 ) (382 -24 128.048004 ) 
4 68 81 (0 -24 128.048004 ) (0 0 128.048004 ) (382 0 128.048004 ) (382 -24 128.048004 ) 
4 69 92 (1024 -1024 0 ) (1024 -1024 128.048004 ) (768 -1024 128.048004 ) (768 -1024 0 ) 
4 69 86 (1024 -118 0 ) (1024 -1024 0 ) (768 -1024 0 ) (768 -118 0 ) 
4 69 84 (768 0 0 ) (1024 0 0 ) (1024 -118 0 ) (768 -118 0 ) 
4 69 70 (768 -128 0 ) (768 -1024 0 ) (768 -1024 128.048004 ) (768 -128 128.048004 ) 
4 70 92 (768 -1024 128.048004 ) (758 -1024 128.048004 ) (758 -1024 0 ) (768 -1024 0 ) 
4 70 87 (768 -128 0 ) (768 -1024 0 ) (758 -1024 0 ) (758 -128 0 ) 
4 70 79 (758 -128 0 ) (758 -1024 0 ) (758 -1024 39 ) (758 -128 39 ) 
4 70 74 (758 -1024 39 ) (758 -1024 112 ) (758 -128 112 ) (758 -128 39 ) 
4 70 72 (758 -1024 112 ) (758 -1024 128.048004 ) (758 -128 128.048004 ) (758 -128 112 ) 
4 71 76 (394 -118 112 ) (394 0 112 ) (429 0 112 ) (429 -118 112 ) 
4 71 73 (723 0 112 ) (758 0 112 ) (758 -118 112 ) (723 -118 112 ) 
4 71 75 (429 0 112 ) (723 0 112 ) (723 -118 112 ) (429 -118 112 ) 
4 72 92 (758 -1024 128.048004 ) (394 -1024 128.048004 ) (394 -1024 112 ) (758 -1024 112 ) 
4 72 82 (394 -1024 112 ) (394 -1024 128.048004 ) (394 -128 128.048004 ) (394 -128 112 ) 
4 72 77 (394 -1024 112 ) (394 -128 112 ) (429 -128 112 ) (429 -1024 112 ) 
4 72 74 (723 -128 112 ) (758 -128 112 ) (758 -1024 112 ) (723 -1024 112 ) 
4 72 75 (429 -128 112 ) (723 -128 112 ) (723 -1024 112 ) (429 -1024 112 ) 
4 73 78 (723 0 39 ) (758 0 39 ) (758 -118 39 ) (723 -118 39 ) 
4 73 75 (723 0 39 ) (723 -118 39 ) (723 -118 112 ) (723 0 112 ) 
4 74 92 (723 -1024 39 ) (758 -1024 39 ) (758 -1024 112 ) (723 -1024 112 ) 
4 74 79 (758 -128 39 ) (758 -1024 39 ) (723 -1024 39 ) (723 -128 39 ) 
4 74 75 (723 -128 39 ) (723 -1024 39 ) (723 -1024 112 ) (723 -128 112 ) 
4 75 92 (429 -1024 39 ) (723 -1024 39 ) (723 -1024 112 ) (429 -1024 112 ) 
4 75 78 (429 0 39 ) (723 0 39 ) (723 -118 39 ) (429 -118 39 ) 
4 75 79 (723 -128 39 ) (723 -1024 39 ) (429 -1024 39 ) (429 -128 39 ) 
4 75 76 (429 0 39 ) (429 -117.975998 39 ) (429 -117.975998 112 ) (429 0 112 ) 
4 75 77 (429 -127.975998 39 ) (429 -1024 39 ) (429 -1024 112 ) (429 -127.975998 112 ) 
4 76 80 (394 0 108.047997 ) (394 0 39 ) (394 -24 39 ) (394 -24 108.047997 ) 
4 76 78 (394 -117.975998 39 ) (394 0 39 ) (429 0 39 ) (429 -117.975998 39 ) 
4 77 92 (394 -1024 112 ) (394 -1024 39 ) (429 -1024 39 ) (429 -1024 112 ) 
4 77 82 (394 -1024 39 ) (394 -1024 112 ) (394 -127.975998 112 ) (394 -127.975998 39 ) 
4 77 79 (394 -1024 39 ) (394 -127.975998 39 ) (429 -127.975998 39 ) (429 -1024 39 ) 
4 78 80 (394 0 0 ) (394 -24 0 ) (394 -24 39 ) (394 0 39 ) 
4 79 92 (394 -1024 39 ) (394 -1024 0 ) (758 -1024 0 ) (758 -1024 39 ) 
4 79 87 (758 -128 0 ) (758 -1024 0 ) (394 -1024 0 ) (394 -128 0 ) 
4 79 82 (394 -128 0 ) (394 -1024 0 ) (394 -1024 39 ) (394 -128 39 ) 
4 80 81 (384 0 0 ) (384 -24 0 ) (384 -24 108.047997 ) (384 0 108.047997 ) 
4 81 96 (0 0 128.048004 ) (0 0 0 ) (0 -24 0 ) (0 -24 128.048004 ) 
4 81 83 (0 -24 0 ) (384 -24 0 ) (384 -24 128.048004 ) (0 -24 128.048004 ) 
4 82 92 (394 -1024 128.048004 ) (384 -1024 128.048004 ) (384 -1024 0 ) (394 -1024 0 ) 
4 82 87 (394 -128 0 ) (394 -1024 0 ) (384 -1024 0 ) (384 -128 0 ) 
4 82 83 (384 -128 0 ) (384 -1024 0 ) (384 -1024 128.048004 ) (384 -128 128.048004 ) 
4 83 96 (0 -24 0 ) (0 -256 0 ) (0 -256 128.048004 ) (0 -24 128.048004 ) 
4 83 97 (0 -256 0 ) (0 -1024 0 ) (0 -1024 128.048004 ) (0 -256 128.048004 ) 
4 83 92 (384 -1024 128.048004 ) (0 -1024 128.048004 ) (0 -1024 0 ) (384 -1024 0 ) 
4 83 88 (384 -1024 0 ) (0 -1024 0 ) (0 -256 0 ) (384 -256 0 ) 
4 84 89 (768 0 -128 ) (1024 0 -128 ) (1024 -118 -128 ) (768 -118 -128 ) 
4 84 86 (768 -118 -128 ) (1024 -118 -128 ) (1024 -118 0 ) (768 -118 0 ) 
4 85 89 (394 0 -128 ) (758 0 -128 ) (758 -118 -128 ) (394 -118 -128 ) 
4 86 92 (1024 -1024 -128 ) (1024 -1024 0 ) (768 -1024 0 ) (768 -1024 -128 ) 
4 86 89 (768 -384 -128 ) (768 -118 -128 ) (1024 -118 -128 ) (1024 -384 -128 ) 
4 86 90 (1024 -1024 -128 ) (768 -1024 -128 ) (768 -384 -128 ) (1024 -384 -128 ) 
4 86 87 (768 -128 -128 ) (768 -1024 -128 ) (768 -1024 0 ) (768 -128 0 ) 
4 87 92 (768 -1024 0 ) (384 -1024 0 ) (384 -1024 -128 ) (768 -1024 -128 ) 
4 87 89 (384 -384 -128 ) (384 -128 -128 ) (768 -128 -128 ) (768 -384 -128 ) 
4 87 90 (768 -1024 -128 ) (384 -1024 -128 ) (384 -384 -128 ) (768 -384 -128 ) 
4 87 88 (384 -256 -128 ) (384 -1024 -128 ) (384 -1024 0 ) (384 -256 0 ) 
4 88 97 (0 -256 -128 ) (0 -1024 -128 ) (0 -1024 0 ) (0 -256 0 ) 
4 88 92 (384 -1024 0 ) (0 -1024 0 ) (0 -1024 -128 ) (384 -1024 -128 ) 
4 88 89 (0 -384 -128 ) (0 -256 -128 ) (384 -256 -128 ) (384 -384 -128 ) 
4 88 90 (384 -1024 -128 ) (0 -1024 -128 ) (0 -384 -128 ) (384 -384 -128 ) 
4 89 99 (0 0 -128 ) (0 0 -669 ) (0 -384 -669 ) (0 -384 -128 ) 
4 89 90 (1024 -384 -669 ) (1024 -384 -128 ) (0 -384 -128 ) (0 -384 -669 ) 
4 90 100 (0 -384 -810 ) (0 -1024 -810 ) (0 -1024 -128 ) (0 -384 -128 ) 
4 90 92 (1024 -1024 -810 ) (1024 -1024 -128 ) (0 -1024 -128 ) (0 -1024 -810 ) 
4 91 94 (2048 -2048 -810 ) (2048 -2048 832 ) (1024 -2048 832 ) (1024 -2048 -810 ) 
4 91 92 (1024 -1024 832 ) (1024 -1024 -810 ) (1024 -2048 -810 ) (1024 -2048 832 ) 
4 92 103 (0 -2048 -810 ) (0 -2048 832 ) (0 -1024 832 ) (0 -1024 -810 ) 
4 92 95 (1024 -2048 -810 ) (1024 -2048 832 ) (0 -2048 832 ) (0 -2048 -810 ) 
4 93 94 (2048 -2048 832 ) (2048 -2048 -810 ) (2048 -2560 -810 ) (2048 -2560 832 ) 
4 94 95 (1024 -2048 832 ) (1024 -2048 -810 ) (1024 -2560 -810 ) (1024 -2560 832 ) 
4 95 107 (0 -2560 -810 ) (0 -2560 832 ) (0 -2048 832 ) (0 -2048 -810 ) 
4 96 97 (-256 -256 832 ) (-256 -256 0 ) (0 -256 0 ) (0 -256 832 ) 
4 96 98 (-256 -256 0 ) (-256 -256 832 ) (-256 0 832 ) (-256 0 0 ) 
4 97 103 (0 -1024 -128 ) (0 -1024 832 ) (-256 -1024 832 ) (-256 -1024 -128 ) 
4 97 99 (-256 -384 -128 ) (-256 -256 -128 ) (0 -256 -128 ) (0 -384 -128 ) 
4 97 100 (0 -1024 -128 ) (-256 -1024 -128 ) (-256 -384 -128 ) (0 -384 -128 ) 
4 97 98 (-256 -256 -128 ) (-256 -1024 -128 ) (-256 -1024 832 ) (-256 -256 832 ) 
4 98 103 (-256 -1024 832 ) (-1024 -1024 832 ) (-1024 -1024 -128 ) (-256 -1024 -128 ) 
4 98 102 (-1024 0 832 ) (-1024 0 -128 ) (-1024 -1024 -128 ) (-1024 -1024 832 ) 
4 98 99 (-384 -384 -128 ) (-384 0 -128 ) (-256 0 -128 ) (-256 -384 -128 ) 
4 98 100 (-256 -1024 -128 ) (-384 -1024 -128 ) (-384 -384 -128 ) (-256 -384 -128 ) 
4 98 101 (-384 -1024 -128 ) (-1024 -1024 -128 ) (-1024 0 -128 ) (-384 0 -128 ) 
4 99 100 (-384 -384 -128 ) (-384 -384 -669 ) (0 -384 -669 ) (0 -384 -128 ) 
4 99 101 (-384 -384 -669 ) (-384 -384 -128 ) (-384 0 -128 ) (-384 0 -669 ) 
4 100 103 (0 -1024 -810 ) (0 -1024 -128 ) (-384 -1024 -128 ) (-384 -1024 -810 ) 
4 100 101 (-384 -384 -810 ) (-384 -1024 -810 ) (-384 -1024 -128 ) (-384 -384 -128 ) 
4 101 103 (-384 -1024 -128 ) (-1024 -1024 -128 ) (-1024 -1024 -810 ) (-384 -1024 -810 ) 
4 101 102 (-1024 0 -128 ) (-1024 0 -810 ) (-1024 -1024 -810 ) (-1024 -1024 -128 ) 
4 102 105 (-2048 0 832 ) (-2048 0 -810 ) (-2048 -1024 -810 ) (-2048 -1024 832 ) 
4 102 104 (-1024 -1024 -810 ) (-1024 -1024 832 ) (-2048 -1024 832 ) (-2048 -1024 -810 ) 
4 103 107 (0 -2048 -810 ) (0 -2048 832 ) (-1024 -2048 832 ) (-1024 -2048 -810 ) 
4 103 104 (-1024 -1024 832 ) (-1024 -1024 -810 ) (-1024 -2048 -810 ) (-1024 -2048 832 ) 
4 104 108 (-1024 -2048 -810 ) (-1024 -2048 832 ) (-2048 -2048 832 ) (-2048 -2048 -810 ) 
4 104 106 (-2048 -2048 -810 ) (-2048 -2048 832 ) (-2048 -1024 832 ) (-2048 -1024 -810 ) 
4 105 106 (-2048 -1024 -810 ) (-2048 -1024 832 ) (-2560 -1024 832 ) (-2560 -1024 -810 ) 
4 106 109 (-2048 -2048 -810 ) (-2048 -2048 832 ) (-2560 -2048 832 ) (-2560 -2048 -810 ) 
4 107 108 (-1024 -2048 832 ) (-1024 -2048 -810 ) (-1024 -2560 -810 ) (-1024 -2560 832 ) 
4 108 109 (-2048 -2048 832 ) (-2048 -2048 -810 ) (-2048 -2560 -810 ) (-2048 -2560 832 ) 
