PRT1
188
623
4 0 3 (2457.600098 2048 -810 ) (2457.600098 2048 7072.049805 ) (2048 2048 7072.049805 ) (2048 2048 -810 ) 
4 0 1 (2048 2048 -810 ) (2048 2048 7072.049805 ) (2048 2457.600098 7072.049805 ) (2048 2457.600098 -810 ) 
4 1 5 (2048 2048 -810 ) (2048 2048 7072.049805 ) (1024 2048 7072.049805 ) (1024 2048 -810 ) 
4 1 2 (1024 2048 -810 ) (1024 2048 7072.049805 ) (1024 2457.600098 7072.049805 ) (1024 2457.600098 -810 ) 
4 2 63 (0 2048 -810 ) (0 2048 7072.049805 ) (0 2457.600098 7072.049805 ) (0 2457.600098 -810 ) 
4 2 6 (1024 2048 -810 ) (1024 2048 7072.049805 ) (0 2048 7072.049805 ) (0 2048 -810 ) 
4 3 5 (2048 2048 7072.049805 ) (2048 2048 -810 ) (2048 1024 -810 ) (2048 1024 7072.049805 ) 
4 3 4 (2457.600098 1024 -810 ) (2457.600098 1024 7072.049805 ) (2048 1024 7072.049805 ) (2048 1024 -810 ) 
4 4 89 (2457.600098 0 -810 ) (2457.600098 0 7072.049805 ) (2048 0 7072.049805 ) (2048 0 -810 ) 
4 4 14 (2048 0 -810 ) (2048 0 -128 ) (2048 1024 -128 ) (2048 1024 -810 ) 
4 4 8 (2048 0 -128 ) (2048 0 -98 ) (2048 1024 -98 ) (2048 1024 -128 ) 
4 4 7 (2048 0 -98 ) (2048 0 7072.049805 ) (2048 1024 7072.049805 ) (2048 1024 -98 ) 
4 5 15 (1152 1024 -128 ) (1024 1024 -128 ) (1024 1024 -810 ) (1152 1024 -810 ) 
4 5 14 (2048 1024 -810 ) (2048 1024 -128 ) (1152 1024 -128 ) (1152 1024 -810 ) 
4 5 11 (1149 1024 -98 ) (1024 1024 -98 ) (1024 1024 -128 ) (1149 1024 -128 ) 
4 5 9 (1152 1024 -98 ) (1149 1024 -98 ) (1149 1024 -128 ) (1152 1024 -128 ) 
4 5 8 (2048 1024 -128 ) (2048 1024 -98 ) (1152 1024 -98 ) (1152 1024 -128 ) 
4 5 7 (2048 1024 -98 ) (2048 1024 7072.049805 ) (1024 1024 7072.049805 ) (1024 1024 -98 ) 
4 5 6 (1024 2048 7072.049805 ) (1024 2048 -810 ) (1024 1024 -810 ) (1024 1024 7072.049805 ) 
4 6 66 (0 1024 -810 ) (0 1024 7072.049805 ) (0 2048 7072.049805 ) (0 2048 -810 ) 
4 6 62 (256 1024 -128 ) (0 1024 -128 ) (0 1024 -810 ) (256 1024 -810 ) 
4 6 60 (512 1024 -128 ) (256 1024 -128 ) (256 1024 -810 ) (512 1024 -810 ) 
4 6 57 (832 1024 -128 ) (512 1024 -128 ) (512 1024 -810 ) (832 1024 -810 ) 
4 6 56 (1024 1024 -810 ) (1024 1024 -128 ) (832 1024 -128 ) (832 1024 -810 ) 
4 6 29 (1024 1024 -128 ) (1024 1024 0 ) (0 1024 0 ) (0 1024 -128 ) 
4 6 25 (384 1024 128.048004 ) (0 1024 128.048004 ) (0 1024 0 ) (384 1024 0 ) 
4 6 22 (758 1024 128.048004 ) (384 1024 128.048004 ) (384 1024 0 ) (758 1024 0 ) 
4 6 21 (768 1024 128.048004 ) (758 1024 128.048004 ) (758 1024 0 ) (768 1024 0 ) 
4 6 20 (1024 1024 0 ) (1024 1024 128.048004 ) (768 1024 128.048004 ) (768 1024 0 ) 
4 6 17 (768 1024 7072.049805 ) (384 1024 7072.049805 ) (384 1024 128.048004 ) (768 1024 128.048004 ) 
4 6 16 (1024 1024 128.048004 ) (1024 1024 7072.049805 ) (768 1024 7072.049805 ) (768 1024 128.048004 ) 
4 6 19 (384 1024 7072.049805 ) (0 1024 7072.049805 ) (0 1024 128.048004 ) (384 1024 128.048004 ) 
4 7 91 (2048 0 -98 ) (2048 0 7072.049805 ) (1024 0 7072.049805 ) (1024 0 -98 ) 
4 7 30 (1024 512 -98 ) (1024 0 -98 ) (1024 0 0 ) (1024 512 0 ) 
4 7 29 (1024 1024 0 ) (1024 1024 -98 ) (1024 512 -98 ) (1024 512 0 ) 
4 7 20 (1024 1024 128.048004 ) (1024 1024 0 ) (1024 0 0 ) (1024 0 128.048004 ) 
4 7 16 (1024 1024 7072.049805 ) (1024 1024 128.048004 ) (1024 0 128.048004 ) (1024 0 7072.049805 ) 
4 7 12 (1024 381 -98 ) (1024 384 -98 ) (1149 384 -98 ) (1149 381 -98 ) 
4 7 11 (1024 384 -98 ) (1024 1024 -98 ) (1149 1024 -98 ) (1149 384 -98 ) 
4 7 13 (1149 0 -98 ) (1024 0 -98 ) (1024 381 -98 ) (1149 381 -98 ) 
4 7 10 (1152 0 -98 ) (1149 0 -98 ) (1149 384 -98 ) (1152 384 -98 ) 
4 7 9 (1149 384 -98 ) (1149 1024 -98 ) (1152 1024 -98 ) (1152 384 -98 ) 
4 7 8 (2048 0 -98 ) (1152 0 -98 ) (1152 1024 -98 ) (2048 1024 -98 ) 
4 8 92 (2048 0 -128 ) (2048 0 -98 ) (1152 0 -98 ) (1152 0 -128 ) 
4 8 14 (1152 1024 -128 ) (2048 1024 -128 ) (2048 0 -128 ) (1152 0 -128 ) 
4 8 10 (1152 384 -128 ) (1152 0 -128 ) (1152 0 -98 ) (1152 384 -98 ) 
4 8 9 (1152 1024 -128 ) (1152 384 -128 ) (1152 384 -98 ) (1152 1024 -98 ) 
4 9 15 (1149 1024 -128 ) (1152 1024 -128 ) (1152 384 -128 ) (1149 384 -128 ) 
4 9 11 (1149 1024 -128 ) (1149 384 -128 ) (1149 384 -98 ) (1149 1024 -98 ) 
4 9 10 (1149 384 -98 ) (1149 384 -128 ) (1152 384 -128 ) (1152 384 -98 ) 
4 10 93 (1152 0 -98 ) (1149 0 -98 ) (1149 0 -128 ) (1152 0 -128 ) 
4 10 12 (1149 384 -128 ) (1149 381 -128 ) (1149 381 -98 ) (1149 384 -98 ) 
4 10 13 (1149 381 -128 ) (1149 0 -128 ) (1149 0 -98 ) (1149 381 -98 ) 
4 11 32 (1024 512 -128 ) (1024 384 -128 ) (1024 384 -98 ) (1024 512 -98 ) 
4 11 29 (1024 1024 -98 ) (1024 1024 -128 ) (1024 512 -128 ) (1024 512 -98 ) 
4 11 15 (1024 1024 -128 ) (1149 1024 -128 ) (1149 384 -128 ) (1024 384 -128 ) 
4 11 12 (1024 384 -128 ) (1149 384 -128 ) (1149 384 -98 ) (1024 384 -98 ) 
4 12 33 (1024 384 -128 ) (1024 381 -128 ) (1024 381 -98 ) (1024 384 -98 ) 
4 12 13 (1024 381 -128 ) (1149 381 -128 ) (1149 381 -98 ) (1024 381 -98 ) 
4 13 95 (1149 0 -98 ) (1024 0 -98 ) (1024 0 -128 ) (1149 0 -128 ) 
4 13 34 (1024 381 -128 ) (1024 0 -128 ) (1024 0 -98 ) (1024 381 -98 ) 
4 14 98 (2048 0 -810 ) (2048 0 -128 ) (1152 0 -128 ) (1152 0 -810 ) 
4 14 15 (1152 384 -128 ) (1152 1024 -128 ) (1152 1024 -810 ) (1152 384 -810 ) 
4 15 56 (1024 1024 -128 ) (1024 1024 -810 ) (1024 384 -810 ) (1024 384 -128 ) 
4 16 100 (1024 0 128.048004 ) (1024 0 7072.049805 ) (768 0 7072.049805 ) (768 0 128.048004 ) 
4 16 20 (1024 1024 128.048004 ) (1024 0 128.048004 ) (768 0 128.048004 ) (768 1024 128.048004 ) 
4 16 18 (768 0 152 ) (768 0 7072.049805 ) (768 384 7072.049805 ) (768 384 152 ) 
4 16 17 (768 1024 128.048004 ) (768 384 128.048004 ) (768 384 7072.049805 ) (768 1024 7072.049805 ) 
4 17 22 (384 384 128.048004 ) (384 1024 128.048004 ) (758 1024 128.048004 ) (758 384 128.048004 ) 
4 17 21 (758 1024 128.048004 ) (768 1024 128.048004 ) (768 384 128.048004 ) (758 384 128.048004 ) 
4 17 18 (384 384 7072.049805 ) (384 384 152 ) (768 384 152 ) (768 384 7072.049805 ) 
4 17 19 (384 1024 128.048004 ) (384 384 128.048004 ) (384 384 7072.049805 ) (384 1024 7072.049805 ) 
4 18 109 (768 0 7072.049805 ) (384 0 7072.049805 ) (384 0 152 ) (768 0 152 ) 
4 18 19 (384 0 152 ) (384 0 7072.049805 ) (384 384 7072.049805 ) (384 384 152 ) 
4 19 145 (384 0 7072.049805 ) (0 0 7072.049805 ) (0 0 128.048004 ) (384 0 128.048004 ) 
4 19 68 (0 0 128.048004 ) (0 0 7072.049805 ) (0 1024 7072.049805 ) (0 1024 128.048004 ) 
4 19 26 (0 317 128.048004 ) (0 320 128.048004 ) (384 320 128.048004 ) (384 317 128.048004 ) 
4 19 25 (0 320 128.048004 ) (0 1024 128.048004 ) (384 1024 128.048004 ) (384 320 128.048004 ) 
4 19 28 (384 0 128.048004 ) (0 0 128.048004 ) (0 317 128.048004 ) (384 317 128.048004 ) 
4 20 100 (1024 0 0 ) (1024 0 128.048004 ) (768 0 128.048004 ) (768 0 0 ) 
4 20 30 (1024 0 0 ) (768 0 0 ) (768 512 0 ) (1024 512 0 ) 
4 20 29 (768 512 0 ) (768 1024 0 ) (1024 1024 0 ) (1024 512 0 ) 
4 20 21 (768 1024 0 ) (768 384 0 ) (768 384 128.048004 ) (768 1024 128.048004 ) 
4 21 31 (758 384 0 ) (758 512 0 ) (768 512 0 ) (768 384 0 ) 
4 21 29 (758 512 0 ) (758 1024 0 ) (768 1024 0 ) (768 512 0 ) 
4 21 22 (758 1024 0 ) (758 384 0 ) (758 384 128.048004 ) (758 1024 128.048004 ) 
4 22 31 (384 384 0 ) (384 512 0 ) (758 512 0 ) (758 384 0 ) 
4 22 29 (384 512 0 ) (384 1024 0 ) (758 1024 0 ) (758 512 0 ) 
4 22 25 (384 1024 0 ) (384 384 0 ) (384 384 128.048004 ) (384 1024 128.048004 ) 
4 23 120 (394 0 39 ) (394 0 0 ) (758 0 0 ) (758 0 39 ) 
4 23 118 (394 0 112 ) (394 0 39 ) (429 0 39 ) (429 0 112 ) 
4 23 116 (429 0 39 ) (723 0 39 ) (723 0 112 ) (429 0 112 ) 
4 23 114 (723 0 39 ) (758 0 39 ) (758 0 112 ) (723 0 112 ) 
4 23 112 (758 0 128.048004 ) (394 0 128.048004 ) (394 0 112 ) (758 0 112 ) 
4 23 24 (394 24 0 ) (394 0 0 ) (394 0 108.047997 ) (394 24 108.047997 ) 
4 24 123 (384 0 108.047997 ) (384 0 0 ) (394 0 0 ) (394 0 108.047997 ) 
4 24 28 (384 24 0 ) (384 0 0 ) (384 0 108.047997 ) (384 24 108.047997 ) 
4 25 69 (0 1024 30 ) (0 1024 0 ) (0 320 0 ) (0 320 30 ) 
4 25 68 (0 320 128.048004 ) (0 1024 128.048004 ) (0 1024 30 ) (0 320 30 ) 
4 25 55 (0 320 0 ) (0 381 0 ) (384 381 0 ) (384 320 0 ) 
4 25 48 (0 381 0 ) (0 512 0 ) (384 512 0 ) (384 381 0 ) 
4 25 29 (0 512 0 ) (0 1024 0 ) (384 1024 0 ) (384 512 0 ) 
4 25 27 (0 320 0 ) (384 320 0 ) (384 320 30 ) (0 320 30 ) 
4 25 26 (384 320 30 ) (384 320 128.048004 ) (0 320 128.048004 ) (0 320 30 ) 
4 26 68 (0 317 128.048004 ) (0 320 128.048004 ) (0 320 30 ) (0 317 30 ) 
4 26 28 (384 317 30 ) (384 317 128.048004 ) (0 317 128.048004 ) (0 317 30 ) 
4 26 27 (384 317 30 ) (0 317 30 ) (0 320 30 ) (384 320 30 ) 
4 27 70 (0 320 30 ) (0 320 0 ) (0 317 0 ) (0 317 30 ) 
4 27 28 (0 317 0 ) (384 317 0 ) (384 317 30 ) (0 317 30 ) 
4 28 146 (352 0 0 ) (384 0 0 ) (384 0 30 ) (352 0 30 ) 
4 28 149 (0 0 30 ) (0 0 0 ) (352 0 0 ) (352 0 30 ) 
4 28 145 (384 0 128.048004 ) (0 0 128.048004 ) (0 0 30 ) (384 0 30 ) 
4 28 72 (0 0 0 ) (0 0 30 ) (0 317 30 ) (0 317 0 ) 
4 28 68 (0 0 30 ) (0 0 128.048004 ) (0 317 128.048004 ) (0 317 30 ) 
4 29 75 (0 512 0 ) (0 1024 0 ) (0 1024 -128 ) (0 512 -128 ) 
4 29 62 (256 512 -128 ) (0 512 -128 ) (0 1024 -128 ) (256 1024 -128 ) 
4 29 61 (512 512 -128 ) (256 512 -128 ) (256 733 -128 ) (512 733 -128 ) 
4 29 60 (256 733 -128 ) (256 1024 -128 ) (512 1024 -128 ) (512 733 -128 ) 
4 29 57 (832 512 -128 ) (512 512 -128 ) (512 1024 -128 ) (832 1024 -128 ) 
4 29 56 (1024 1024 -128 ) (1024 512 -128 ) (832 512 -128 ) (832 1024 -128 ) 
4 29 53 (0 512 -128 ) (256 512 -128 ) (256 512 -98 ) (0 512 -98 ) 
4 29 50 (259 512 -128 ) (322 512 -128 ) (322 512 -98 ) (259 512 -98 ) 
4 29 49 (322 512 -128 ) (384 512 -128 ) (384 512 -98 ) (322 512 -98 ) 
4 29 52 (256 512 -128 ) (259 512 -128 ) (259 512 -98 ) (256 512 -98 ) 
4 29 48 (384 512 -98 ) (384 512 0 ) (0 512 0 ) (0 512 -98 ) 
4 29 43 (440 512 -128 ) (454 512 -128 ) (454 512 -98 ) (440 512 -98 ) 
4 29 42 (454 512 -128 ) (498 512 -128 ) (498 512 -98 ) (454 512 -98 ) 
4 29 44 (384 512 -128 ) (440 512 -128 ) (440 512 -98 ) (384 512 -98 ) 
4 29 41 (498 512 -128 ) (509 512 -128 ) (509 512 -98 ) (498 512 -98 ) 
4 29 38 (512 512 -128 ) (829 512 -128 ) (829 512 -98 ) (512 512 -98 ) 
4 29 40 (509 512 -128 ) (512 512 -128 ) (512 512 -98 ) (509 512 -98 ) 
4 29 35 (829 512 -128 ) (832 512 -128 ) (832 512 -98 ) (829 512 -98 ) 
4 29 32 (832 512 -128 ) (1024 512 -128 ) (1024 512 -98 ) (832 512 -98 ) 
4 29 31 (768 512 0 ) (384 512 0 ) (384 512 -98 ) (768 512 -98 ) 
4 29 30 (1024 512 -98 ) (1024 512 0 ) (768 512 0 ) (768 512 -98 ) 
4 30 100 (1024 0 -98 ) (1024 0 0 ) (768 0 0 ) (768 0 -98 ) 
4 30 46 (829 445 -98 ) (829 0 -98 ) (768 0 -98 ) (768 445 -98 ) 
4 30 39 (829 448 -98 ) (829 445 -98 ) (768 445 -98 ) (768 448 -98 ) 
4 30 38 (768 512 -98 ) (829 512 -98 ) (829 448 -98 ) (768 448 -98 ) 
4 30 36 (832 448 -98 ) (832 381 -98 ) (829 381 -98 ) (829 448 -98 ) 
4 30 35 (829 512 -98 ) (832 512 -98 ) (832 448 -98 ) (829 448 -98 ) 
4 30 37 (832 381 -98 ) (832 0 -98 ) (829 0 -98 ) (829 381 -98 ) 
4 30 33 (1024 384 -98 ) (1024 381 -98 ) (832 381 -98 ) (832 384 -98 ) 
4 30 32 (832 512 -98 ) (1024 512 -98 ) (1024 384 -98 ) (832 384 -98 ) 
4 30 34 (1024 381 -98 ) (1024 0 -98 ) (832 0 -98 ) (832 381 -98 ) 
4 30 31 (768 512 0 ) (768 512 -98 ) (768 384 -98 ) (768 384 0 ) 
4 31 48 (384 512 0 ) (384 512 -98 ) (384 384 -98 ) (384 384 0 ) 
4 31 47 (384 384 -98 ) (384 445 -98 ) (768 445 -98 ) (768 384 -98 ) 
4 31 43 (440 512 -98 ) (454 512 -98 ) (454 509 -98 ) (440 509 -98 ) 
4 31 42 (454 512 -98 ) (498 512 -98 ) (498 509 -98 ) (454 509 -98 ) 
4 31 44 (384 509 -98 ) (384 512 -98 ) (440 512 -98 ) (440 509 -98 ) 
4 31 41 (498 512 -98 ) (509 512 -98 ) (509 509 -98 ) (498 509 -98 ) 
4 31 45 (384 445 -98 ) (384 509 -98 ) (509 509 -98 ) (509 445 -98 ) 
4 31 39 (768 448 -98 ) (768 445 -98 ) (512 445 -98 ) (512 448 -98 ) 
4 31 38 (512 512 -98 ) (768 512 -98 ) (768 448 -98 ) (512 448 -98 ) 
4 31 40 (509 512 -98 ) (512 512 -98 ) (512 445 -98 ) (509 445 -98 ) 
4 32 56 (1024 512 -128 ) (1024 384 -128 ) (832 384 -128 ) (832 512 -128 ) 
4 32 36 (832 384 -98 ) (832 448 -98 ) (832 448 -128 ) (832 384 -128 ) 
4 32 35 (832 448 -98 ) (832 512 -98 ) (832 512 -128 ) (832 448 -128 ) 
4 32 33 (832 384 -98 ) (832 384 -128 ) (1024 384 -128 ) (1024 384 -98 ) 
4 33 36 (832 381 -98 ) (832 384 -98 ) (832 384 -128 ) (832 381 -128 ) 
4 33 34 (832 381 -98 ) (832 381 -128 ) (1024 381 -128 ) (1024 381 -98 ) 
4 34 101 (1024 0 -128 ) (1024 0 -98 ) (832 0 -98 ) (832 0 -128 ) 
4 34 37 (832 0 -98 ) (832 381 -98 ) (832 381 -128 ) (832 0 -128 ) 
4 35 57 (829 448 -128 ) (829 512 -128 ) (832 512 -128 ) (832 448 -128 ) 
4 35 38 (829 448 -98 ) (829 512 -98 ) (829 512 -128 ) (829 448 -128 ) 
4 35 36 (829 448 -98 ) (829 448 -128 ) (832 448 -128 ) (832 448 -98 ) 
4 36 58 (829 384 -128 ) (829 448 -128 ) (832 448 -128 ) (832 384 -128 ) 
4 36 46 (829 381 -98 ) (829 445 -98 ) (829 445 -128 ) (829 381 -128 ) 
4 36 39 (829 445 -98 ) (829 448 -98 ) (829 448 -128 ) (829 445 -128 ) 
4 36 37 (829 381 -98 ) (829 381 -128 ) (832 381 -128 ) (832 381 -98 ) 
4 37 101 (832 0 -98 ) (829 0 -98 ) (829 0 -128 ) (832 0 -128 ) 
4 37 46 (829 0 -98 ) (829 381 -98 ) (829 381 -128 ) (829 0 -128 ) 
4 38 57 (512 512 -128 ) (829 512 -128 ) (829 448 -128 ) (512 448 -128 ) 
4 38 40 (512 448 -98 ) (512 512 -98 ) (512 512 -128 ) (512 448 -128 ) 
4 38 39 (512 448 -98 ) (512 448 -128 ) (829 448 -128 ) (829 448 -98 ) 
4 39 58 (829 448 -128 ) (829 445 -128 ) (512 445 -128 ) (512 448 -128 ) 
4 39 47 (768 445 -98 ) (512 445 -98 ) (512 445 -128 ) (768 445 -128 ) 
4 39 46 (829 445 -128 ) (829 445 -98 ) (768 445 -98 ) (768 445 -128 ) 
4 39 40 (512 445 -128 ) (512 445 -98 ) (512 448 -98 ) (512 448 -128 ) 
4 40 47 (512 445 -98 ) (509 445 -98 ) (509 445 -128 ) (512 445 -128 ) 
4 40 41 (509 509 -98 ) (509 512 -98 ) (509 512 -128 ) (509 509 -128 ) 
4 40 45 (509 445 -128 ) (509 445 -98 ) (509 509 -98 ) (509 509 -128 ) 
4 41 42 (498 509 -128 ) (498 509 -98 ) (498 512 -98 ) (498 512 -128 ) 
4 41 45 (509 509 -128 ) (509 509 -98 ) (498 509 -98 ) (498 509 -128 ) 
4 42 45 (498 509 -98 ) (454 509 -98 ) (454 509 -128 ) (498 509 -128 ) 
4 42 43 (454 509 -128 ) (454 509 -98 ) (454 512 -98 ) (454 512 -128 ) 
4 43 44 (440 509 -128 ) (440 509 -98 ) (440 512 -98 ) (440 512 -128 ) 
4 43 45 (454 509 -98 ) (440 509 -98 ) (440 509 -128 ) (454 509 -128 ) 
4 44 49 (384 512 -98 ) (384 512 -128 ) (384 509 -128 ) (384 509 -98 ) 
4 44 45 (440 509 -98 ) (384 509 -98 ) (384 509 -128 ) (440 509 -128 ) 
4 45 49 (384 509 -128 ) (384 445 -128 ) (384 445 -98 ) (384 509 -98 ) 
4 45 47 (509 445 -98 ) (384 445 -98 ) (384 445 -128 ) (509 445 -128 ) 
4 46 102 (799 0 -98 ) (768 0 -98 ) (768 0 -128 ) (799 0 -128 ) 
4 46 101 (829 0 -98 ) (799 0 -98 ) (799 0 -128 ) (829 0 -128 ) 
4 46 58 (768 384 -128 ) (768 445 -128 ) (829 445 -128 ) (829 384 -128 ) 
4 46 47 (768 445 -98 ) (768 445 -128 ) (768 384 -128 ) (768 384 -98 ) 
4 47 58 (512 445 -128 ) (768 445 -128 ) (768 384 -128 ) (512 384 -128 ) 
4 47 49 (384 445 -128 ) (384 384 -128 ) (384 384 -98 ) (384 445 -98 ) 
4 48 76 (0 381 0 ) (0 384 0 ) (0 384 -98 ) (0 381 -98 ) 
4 48 75 (0 384 0 ) (0 512 0 ) (0 512 -98 ) (0 384 -98 ) 
4 48 55 (384 381 -98 ) (384 381 0 ) (0 381 0 ) (0 381 -98 ) 
4 48 54 (256 381 -98 ) (0 381 -98 ) (0 384 -98 ) (256 384 -98 ) 
4 48 53 (0 384 -98 ) (0 512 -98 ) (256 512 -98 ) (256 384 -98 ) 
4 48 51 (322 381 -98 ) (259 381 -98 ) (259 509 -98 ) (322 509 -98 ) 
4 48 50 (259 509 -98 ) (259 512 -98 ) (322 512 -98 ) (322 509 -98 ) 
4 48 49 (384 381 -98 ) (322 381 -98 ) (322 512 -98 ) (384 512 -98 ) 
4 48 52 (259 381 -98 ) (256 381 -98 ) (256 512 -98 ) (259 512 -98 ) 
4 49 55 (322 381 -128 ) (384 381 -128 ) (384 381 -98 ) (322 381 -98 ) 
4 49 51 (322 381 -128 ) (322 381 -98 ) (322 509 -98 ) (322 509 -128 ) 
4 49 50 (322 509 -98 ) (322 512 -98 ) (322 512 -128 ) (322 509 -128 ) 
4 50 52 (259 509 -98 ) (259 512 -98 ) (259 512 -128 ) (259 509 -128 ) 
4 50 51 (259 509 -98 ) (259 509 -128 ) (322 509 -128 ) (322 509 -98 ) 
4 51 55 (259 381 -128 ) (322 381 -128 ) (322 381 -98 ) (259 381 -98 ) 
4 51 52 (259 381 -128 ) (259 381 -98 ) (259 509 -98 ) (259 509 -128 ) 
4 52 55 (256 381 -128 ) (259 381 -128 ) (259 381 -98 ) (256 381 -98 ) 
4 52 54 (256 381 -128 ) (256 381 -98 ) (256 384 -98 ) (256 384 -128 ) 
4 52 53 (256 384 -98 ) (256 512 -98 ) (256 512 -128 ) (256 384 -128 ) 
4 53 75 (0 512 -98 ) (0 512 -128 ) (0 384 -128 ) (0 384 -98 ) 
4 53 62 (0 384 -128 ) (0 512 -128 ) (256 512 -128 ) (256 384 -128 ) 
4 53 54 (0 384 -128 ) (256 384 -128 ) (256 384 -98 ) (0 384 -98 ) 
4 54 77 (0 384 -128 ) (0 381 -128 ) (0 381 -98 ) (0 384 -98 ) 
4 54 55 (0 381 -128 ) (256 381 -128 ) (256 381 -98 ) (0 381 -98 ) 
4 55 78 (0 320 0 ) (0 381 0 ) (0 381 -128 ) (0 320 -128 ) 
4 56 59 (832 448 -810 ) (832 384 -810 ) (832 384 -129 ) (832 448 -129 ) 
4 56 58 (832 384 -129 ) (832 384 -128 ) (832 448 -128 ) (832 448 -129 ) 
4 56 57 (832 1024 -810 ) (832 448 -810 ) (832 448 -128 ) (832 1024 -128 ) 
4 57 61 (512 512 -128 ) (512 733 -128 ) (512 733 -364 ) (512 512 -364 ) 
4 57 60 (512 733 -128 ) (512 1024 -128 ) (512 1024 -810 ) (512 733 -810 ) 
4 57 59 (512 448 -129 ) (512 448 -810 ) (832 448 -810 ) (832 448 -129 ) 
4 57 58 (512 448 -128 ) (512 448 -129 ) (832 448 -129 ) (832 448 -128 ) 
4 58 59 (512 384 -129 ) (512 448 -129 ) (832 448 -129 ) (832 384 -129 ) 
4 60 62 (256 733 -128 ) (256 1024 -128 ) (256 1024 -810 ) (256 733 -810 ) 
4 60 61 (256 733 -128 ) (256 733 -364 ) (512 733 -364 ) (512 733 -128 ) 
4 61 62 (256 512 -128 ) (256 733 -128 ) (256 733 -364 ) (256 512 -364 ) 
4 62 84 (0 384 -810 ) (0 384 -128 ) (0 1024 -128 ) (0 1024 -810 ) 
4 63 66 (0 2048 -810 ) (0 2048 7072.049805 ) (-1024 2048 7072.049805 ) (-1024 2048 -810 ) 
4 63 64 (-1024 2048 -810 ) (-1024 2048 7072.049805 ) (-1024 2457.600098 7072.049805 ) (-1024 2457.600098 -810 ) 
4 64 67 (-1024 2048 -810 ) (-1024 2048 7072.049805 ) (-2048 2048 7072.049805 ) (-2048 2048 -810 ) 
4 64 65 (-2048 2048 -810 ) (-2048 2048 7072.049805 ) (-2048 2457.600098 7072.049805 ) (-2048 2457.600098 -810 ) 
4 65 87 (-2048 2048 -810 ) (-2048 2048 7072.049805 ) (-2457.600098 2048 7072.049805 ) (-2457.600098 2048 -810 ) 
4 66 85 (-384 1024 -128 ) (-1024 1024 -128 ) (-1024 1024 -810 ) (-384 1024 -810 ) 
4 66 84 (0 1024 -810 ) (0 1024 -128 ) (-384 1024 -128 ) (-384 1024 -810 ) 
4 66 80 (-381 1024 0 ) (-384 1024 0 ) (-384 1024 -128 ) (-381 1024 -128 ) 
4 66 83 (-384 1024 0 ) (-1024 1024 0 ) (-1024 1024 -128 ) (-384 1024 -128 ) 
4 66 75 (0 1024 -128 ) (0 1024 0 ) (-381 1024 0 ) (-381 1024 -128 ) 
4 66 69 (0 1024 0 ) (0 1024 30 ) (-256 1024 30 ) (-256 1024 0 ) 
4 66 71 (-256 1024 30 ) (-1024 1024 30 ) (-1024 1024 0 ) (-256 1024 0 ) 
4 66 68 (0 1024 30 ) (0 1024 7072.049805 ) (-1024 1024 7072.049805 ) (-1024 1024 30 ) 
4 66 67 (-1024 2048 7072.049805 ) (-1024 2048 -810 ) (-1024 1024 -810 ) (-1024 1024 7072.049805 ) 
4 67 87 (-2048 2048 7072.049805 ) (-2048 2048 -810 ) (-2048 1024 -810 ) (-2048 1024 7072.049805 ) 
4 67 86 (-1024 1024 -810 ) (-1024 1024 7072.049805 ) (-2048 1024 7072.049805 ) (-2048 1024 -810 ) 
4 68 162 (0 0 30 ) (0 0 7072.049805 ) (-1024 0 7072.049805 ) (-1024 0 30 ) 
4 68 86 (-1024 1024 7072.049805 ) (-1024 1024 30 ) (-1024 0 30 ) (-1024 0 7072.049805 ) 
4 68 73 (-253 0 30 ) (-256 0 30 ) (-256 317 30 ) (-253 317 30 ) 
4 68 72 (0 317 30 ) (0 0 30 ) (-253 0 30 ) (-253 317 30 ) 
4 68 74 (-256 0 30 ) (-1024 0 30 ) (-1024 317 30 ) (-256 317 30 ) 
4 68 70 (0 320 30 ) (0 317 30 ) (-256 317 30 ) (-256 320 30 ) 
4 68 69 (-256 1024 30 ) (0 1024 30 ) (0 320 30 ) (-256 320 30 ) 
4 68 71 (-1024 1024 30 ) (-256 1024 30 ) (-256 317 30 ) (-1024 317 30 ) 
4 69 78 (0 381 0 ) (0 320 0 ) (-256 320 0 ) (-256 381 0 ) 
4 69 76 (0 384 0 ) (0 381 0 ) (-256 381 0 ) (-256 384 0 ) 
4 69 75 (-256 1024 0 ) (0 1024 0 ) (0 384 0 ) (-256 384 0 ) 
4 69 71 (-256 1024 0 ) (-256 320 0 ) (-256 320 30 ) (-256 1024 30 ) 
4 69 70 (-256 320 30 ) (-256 320 0 ) (0 320 0 ) (0 320 30 ) 
4 70 73 (-256 317 0 ) (-253 317 0 ) (-253 317 30 ) (-256 317 30 ) 
4 70 72 (-253 317 0 ) (0 317 0 ) (0 317 30 ) (-253 317 30 ) 
4 70 71 (-256 320 0 ) (-256 317 0 ) (-256 317 30 ) (-256 320 30 ) 
4 71 86 (-1024 1024 30 ) (-1024 1024 0 ) (-1024 317 0 ) (-1024 317 30 ) 
4 71 81 (-381 384 0 ) (-381 317 0 ) (-384 317 0 ) (-384 384 0 ) 
4 71 80 (-384 1024 0 ) (-381 1024 0 ) (-381 384 0 ) (-384 384 0 ) 
4 71 83 (-1024 317 0 ) (-1024 1024 0 ) (-384 1024 0 ) (-384 317 0 ) 
4 71 79 (-256 381 0 ) (-256 317 0 ) (-381 317 0 ) (-381 381 0 ) 
4 71 76 (-256 384 0 ) (-256 381 0 ) (-381 381 0 ) (-381 384 0 ) 
4 71 75 (-381 1024 0 ) (-256 1024 0 ) (-256 384 0 ) (-381 384 0 ) 
4 71 74 (-1024 317 0 ) (-256 317 0 ) (-256 317 30 ) (-1024 317 30 ) 
4 72 163 (0 0 0 ) (0 0 30 ) (-253 0 30 ) (-253 0 0 ) 
4 72 73 (-253 317 30 ) (-253 317 0 ) (-253 0 0 ) (-253 0 30 ) 
4 73 164 (-253 0 30 ) (-256 0 30 ) (-256 0 0 ) (-253 0 0 ) 
4 73 74 (-256 317 30 ) (-256 317 0 ) (-256 0 0 ) (-256 0 30 ) 
4 74 165 (-256 0 30 ) (-1024 0 30 ) (-1024 0 0 ) (-256 0 0 ) 
4 74 86 (-1024 317 0 ) (-1024 0 0 ) (-1024 0 30 ) (-1024 317 30 ) 
4 74 81 (-381 0 0 ) (-384 0 0 ) (-384 317 0 ) (-381 317 0 ) 
4 74 83 (-384 0 0 ) (-1024 0 0 ) (-1024 317 0 ) (-384 317 0 ) 
4 74 79 (-256 0 0 ) (-381 0 0 ) (-381 317 0 ) (-256 317 0 ) 
4 75 84 (-381 1024 -128 ) (0 1024 -128 ) (0 384 -128 ) (-381 384 -128 ) 
4 75 80 (-381 1024 -128 ) (-381 384 -128 ) (-381 384 0 ) (-381 1024 0 ) 
4 75 77 (-381 384 -98 ) (-381 384 -128 ) (0 384 -128 ) (0 384 -98 ) 
4 75 76 (-381 384 0 ) (-381 384 -98 ) (0 384 -98 ) (0 384 0 ) 
4 76 81 (-381 381 -98 ) (-381 381 0 ) (-381 384 0 ) (-381 384 -98 ) 
4 76 78 (-256 381 -98 ) (0 381 -98 ) (0 381 0 ) (-256 381 0 ) 
4 76 79 (-381 381 0 ) (-381 381 -98 ) (-256 381 -98 ) (-256 381 0 ) 
4 76 77 (0 381 -98 ) (-381 381 -98 ) (-381 384 -98 ) (0 384 -98 ) 
4 77 82 (-381 384 -128 ) (-381 381 -128 ) (-381 381 -98 ) (-381 384 -98 ) 
4 77 78 (-256 381 -128 ) (0 381 -128 ) (0 381 -98 ) (-256 381 -98 ) 
4 77 79 (-381 381 -98 ) (-381 381 -128 ) (-256 381 -128 ) (-256 381 -98 ) 
4 78 79 (-256 381 0 ) (-256 381 -128 ) (-256 320 -128 ) (-256 320 0 ) 
4 79 170 (-256 0 0 ) (-381 0 0 ) (-381 0 -128 ) (-256 0 -128 ) 
4 79 82 (-381 381 -128 ) (-381 0 -128 ) (-381 0 -98 ) (-381 381 -98 ) 
4 79 81 (-381 0 -98 ) (-381 0 0 ) (-381 381 0 ) (-381 381 -98 ) 
4 80 84 (-384 1024 -128 ) (-381 1024 -128 ) (-381 384 -128 ) (-384 384 -128 ) 
4 80 82 (-384 384 -98 ) (-384 384 -128 ) (-381 384 -128 ) (-381 384 -98 ) 
4 80 81 (-384 384 0 ) (-384 384 -98 ) (-381 384 -98 ) (-381 384 0 ) 
4 80 83 (-384 1024 -128 ) (-384 384 -128 ) (-384 384 0 ) (-384 1024 0 ) 
4 81 174 (-381 0 0 ) (-384 0 0 ) (-384 0 -98 ) (-381 0 -98 ) 
4 81 83 (-384 0 -98 ) (-384 0 0 ) (-384 384 0 ) (-384 384 -98 ) 
4 81 82 (-384 0 -98 ) (-384 384 -98 ) (-381 384 -98 ) (-381 0 -98 ) 
4 82 175 (-384 0 -98 ) (-384 0 -128 ) (-381 0 -128 ) (-381 0 -98 ) 
4 82 83 (-384 384 -128 ) (-384 0 -128 ) (-384 0 -98 ) (-384 384 -98 ) 
4 83 177 (-384 0 0 ) (-1024 0 0 ) (-1024 0 -128 ) (-384 0 -128 ) 
4 83 86 (-1024 1024 0 ) (-1024 1024 -128 ) (-1024 0 -128 ) (-1024 0 0 ) 
4 83 85 (-1024 1024 -128 ) (-384 1024 -128 ) (-384 0 -128 ) (-1024 0 -128 ) 
4 84 85 (-384 384 -128 ) (-384 1024 -128 ) (-384 1024 -810 ) (-384 384 -810 ) 
4 85 179 (-384 0 -810 ) (-384 0 -128 ) (-1024 0 -128 ) (-1024 0 -810 ) 
4 85 86 (-1024 1024 -128 ) (-1024 1024 -810 ) (-1024 0 -810 ) (-1024 0 -128 ) 
4 86 180 (-1024 0 -810 ) (-1024 0 7072.049805 ) (-2048 0 7072.049805 ) (-2048 0 -810 ) 
4 86 88 (-2048 0 -810 ) (-2048 0 7072.049805 ) (-2048 1024 7072.049805 ) (-2048 1024 -810 ) 
4 87 88 (-2048 1024 -810 ) (-2048 1024 7072.049805 ) (-2457.600098 1024 7072.049805 ) (-2457.600098 1024 -810 ) 
4 88 183 (-2048 0 -810 ) (-2048 0 7072.049805 ) (-2457.600098 0 7072.049805 ) (-2457.600098 0 -810 ) 
4 89 98 (2048 0 -128 ) (2048 0 -810 ) (2048 -1024 -810 ) (2048 -1024 -128 ) 
4 89 92 (2048 0 -98 ) (2048 0 -128 ) (2048 -1024 -128 ) (2048 -1024 -98 ) 
4 89 91 (2048 0 7072.049805 ) (2048 0 -98 ) (2048 -1024 -98 ) (2048 -1024 7072.049805 ) 
4 89 90 (2457.600098 -1024 -810 ) (2457.600098 -1024 7072.049805 ) (2048 -1024 7072.049805 ) (2048 -1024 -810 ) 
4 90 159 (2457.600098 -2048 -810 ) (2457.600098 -2048 7072.049805 ) (2048 -2048 7072.049805 ) (2048 -2048 -810 ) 
4 90 157 (2048 -2048 -810 ) (2048 -2048 7072.049805 ) (2048 -1024 7072.049805 ) (2048 -1024 -810 ) 
4 91 157 (2048 -1024 -98 ) (2048 -1024 7072.049805 ) (1024 -1024 7072.049805 ) (1024 -1024 -98 ) 
4 91 100 (1024 0 7072.049805 ) (1024 0 -98 ) (1024 -1024 -98 ) (1024 -1024 7072.049805 ) 
4 91 96 (1024 -384 -98 ) (1024 -381 -98 ) (1149 -381 -98 ) (1149 -384 -98 ) 
4 91 95 (1024 -381 -98 ) (1024 0 -98 ) (1149 0 -98 ) (1149 -381 -98 ) 
4 91 97 (1024 -1024 -98 ) (1024 -384 -98 ) (1149 -384 -98 ) (1149 -1024 -98 ) 
4 91 94 (1152 -384 -98 ) (1152 -1024 -98 ) (1149 -1024 -98 ) (1149 -384 -98 ) 
4 91 93 (1149 0 -98 ) (1152 0 -98 ) (1152 -384 -98 ) (1149 -384 -98 ) 
4 91 92 (1152 0 -98 ) (2048 0 -98 ) (2048 -1024 -98 ) (1152 -1024 -98 ) 
4 92 157 (2048 -1024 -128 ) (2048 -1024 -98 ) (1152 -1024 -98 ) (1152 -1024 -128 ) 
4 92 98 (2048 -1024 -128 ) (1152 -1024 -128 ) (1152 0 -128 ) (2048 0 -128 ) 
4 92 94 (1152 -384 -128 ) (1152 -1024 -128 ) (1152 -1024 -98 ) (1152 -384 -98 ) 
4 92 93 (1152 0 -128 ) (1152 -384 -128 ) (1152 -384 -98 ) (1152 0 -98 ) 
4 93 96 (1149 -381 -128 ) (1149 -384 -128 ) (1149 -384 -98 ) (1149 -381 -98 ) 
4 93 95 (1149 0 -128 ) (1149 -381 -128 ) (1149 -381 -98 ) (1149 0 -98 ) 
4 93 94 (1149 -384 -98 ) (1149 -384 -128 ) (1152 -384 -128 ) (1152 -384 -98 ) 
4 94 157 (1152 -1024 -98 ) (1149 -1024 -98 ) (1149 -1024 -128 ) (1152 -1024 -128 ) 
4 94 99 (1152 -1024 -128 ) (1149 -1024 -128 ) (1149 -384 -128 ) (1152 -384 -128 ) 
4 94 97 (1149 -384 -128 ) (1149 -1024 -128 ) (1149 -1024 -98 ) (1149 -384 -98 ) 
4 95 101 (1024 0 -98 ) (1024 0 -128 ) (1024 -381 -128 ) (1024 -381 -98 ) 
4 95 96 (1024 -381 -128 ) (1149 -381 -128 ) (1149 -381 -98 ) (1024 -381 -98 ) 
4 96 107 (1024 -381 -128 ) (1024 -384 -128 ) (1024 -384 -98 ) (1024 -381 -98 ) 
4 96 97 (1024 -384 -128 ) (1149 -384 -128 ) (1149 -384 -98 ) (1024 -384 -98 ) 
4 97 157 (1149 -1024 -98 ) (1024 -1024 -98 ) (1024 -1024 -128 ) (1149 -1024 -128 ) 
4 97 108 (1024 -384 -128 ) (1024 -1024 -128 ) (1024 -1024 -98 ) (1024 -384 -98 ) 
4 97 99 (1149 -1024 -128 ) (1024 -1024 -128 ) (1024 -384 -128 ) (1149 -384 -128 ) 
4 98 157 (2048 -1024 -810 ) (2048 -1024 -128 ) (1152 -1024 -128 ) (1152 -1024 -810 ) 
4 98 99 (1152 -1024 -128 ) (1152 -384 -128 ) (1152 -384 -810 ) (1152 -1024 -810 ) 
4 99 157 (1152 -1024 -810 ) (1152 -1024 -128 ) (1024 -1024 -128 ) (1024 -1024 -810 ) 
4 99 156 (1024 -1024 -810 ) (1024 -1024 -128 ) (1024 -384 -128 ) (1024 -384 -810 ) 
4 100 158 (1024 -1024 -98 ) (1024 -1024 7072.049805 ) (768 -1024 7072.049805 ) (768 -1024 -98 ) 
4 100 141 (768 -384 0 ) (768 -381 0 ) (768 -381 -98 ) (768 -384 -98 ) 
4 100 144 (768 -1024 -98 ) (768 -1024 0 ) (768 -384 0 ) (768 -384 -98 ) 
4 100 132 (768 -256 0 ) (768 -128 0 ) (768 -128 -98 ) (768 -256 -98 ) 
4 100 140 (768 -381 0 ) (768 -256 0 ) (768 -256 -98 ) (768 -381 -98 ) 
4 100 111 (768 -1024 0 ) (768 -1024 128.048004 ) (768 -128 128.048004 ) (768 -128 0 ) 
4 100 110 (768 -1024 128.048004 ) (768 -1024 152 ) (768 -128 152 ) (768 -128 128.048004 ) 
4 100 109 (768 -1024 152 ) (768 -1024 7072.049805 ) (768 0 7072.049805 ) (768 0 152 ) 
4 100 108 (1024 -1024 -98 ) (768 -1024 -98 ) (768 -384 -98 ) (1024 -384 -98 ) 
4 100 107 (768 -384 -98 ) (768 -381 -98 ) (1024 -381 -98 ) (1024 -384 -98 ) 
4 100 106 (768 -381 -98 ) (768 -256 -98 ) (799 -256 -98 ) (799 -381 -98 ) 
4 100 105 (768 -256 -98 ) (768 -253 -98 ) (799 -253 -98 ) (799 -256 -98 ) 
4 100 103 (768 -131 -98 ) (768 -128 -98 ) (799 -128 -98 ) (799 -131 -98 ) 
4 100 102 (768 -128 -98 ) (768 0 -98 ) (799 0 -98 ) (799 -128 -98 ) 
4 100 104 (768 -253 -98 ) (768 -131 -98 ) (799 -131 -98 ) (799 -253 -98 ) 
4 100 101 (799 0 -98 ) (1024 0 -98 ) (1024 -381 -98 ) (799 -381 -98 ) 
4 101 107 (1024 -381 -98 ) (799 -381 -98 ) (799 -381 -128 ) (1024 -381 -128 ) 
4 101 106 (799 -256 -128 ) (799 -381 -128 ) (799 -381 -98 ) (799 -256 -98 ) 
4 101 105 (799 -253 -128 ) (799 -256 -128 ) (799 -256 -98 ) (799 -253 -98 ) 
4 101 103 (799 -128 -128 ) (799 -131 -128 ) (799 -131 -98 ) (799 -128 -98 ) 
4 101 102 (799 0 -128 ) (799 -128 -128 ) (799 -128 -98 ) (799 0 -98 ) 
4 101 104 (799 -131 -128 ) (799 -253 -128 ) (799 -253 -98 ) (799 -131 -98 ) 
4 102 103 (799 -128 -128 ) (799 -128 -98 ) (768 -128 -98 ) (768 -128 -128 ) 
4 103 134 (768 -128 -128 ) (768 -131 -128 ) (768 -131 -98 ) (768 -128 -98 ) 
4 103 104 (799 -131 -128 ) (799 -131 -98 ) (768 -131 -98 ) (768 -131 -128 ) 
4 104 136 (768 -131 -128 ) (768 -253 -128 ) (768 -253 -98 ) (768 -131 -98 ) 
4 104 105 (799 -253 -128 ) (799 -253 -98 ) (768 -253 -98 ) (768 -253 -128 ) 
4 105 138 (768 -253 -128 ) (768 -256 -128 ) (768 -256 -98 ) (768 -253 -98 ) 
4 105 106 (799 -256 -128 ) (799 -256 -98 ) (768 -256 -98 ) (768 -256 -128 ) 
4 106 140 (768 -256 -128 ) (768 -381 -128 ) (768 -381 -98 ) (768 -256 -98 ) 
4 106 107 (799 -381 -98 ) (768 -381 -98 ) (768 -381 -128 ) (799 -381 -128 ) 
4 107 142 (768 -381 -128 ) (768 -384 -128 ) (768 -384 -98 ) (768 -381 -98 ) 
4 107 108 (1024 -384 -98 ) (768 -384 -98 ) (768 -384 -128 ) (1024 -384 -128 ) 
4 108 158 (1024 -1024 -128 ) (1024 -1024 -98 ) (768 -1024 -98 ) (768 -1024 -128 ) 
4 108 156 (1024 -384 -128 ) (1024 -1024 -128 ) (768 -1024 -128 ) (768 -384 -128 ) 
4 108 144 (768 -384 -128 ) (768 -1024 -128 ) (768 -1024 -98 ) (768 -384 -98 ) 
4 109 158 (384 -1024 7072.049805 ) (384 -1024 152 ) (768 -1024 152 ) (768 -1024 7072.049805 ) 
4 109 145 (384 0 7072.049805 ) (384 0 152 ) (384 -1024 152 ) (384 -1024 7072.049805 ) 
4 109 110 (384 -1024 152 ) (384 -128 152 ) (768 -128 152 ) (768 -1024 152 ) 
4 110 158 (384 -1024 152 ) (384 -1024 128.048004 ) (768 -1024 128.048004 ) (768 -1024 152 ) 
4 110 145 (384 -128 128.048004 ) (384 -1024 128.048004 ) (384 -1024 152 ) (384 -128 152 ) 
4 110 129 (384 -256 128.048004 ) (384 -253 128.048004 ) (758 -253 128.048004 ) (758 -256 128.048004 ) 
4 110 128 (384 -253 128.048004 ) (384 -131 128.048004 ) (758 -131 128.048004 ) (758 -253 128.048004 ) 
4 110 131 (384 -1024 128.048004 ) (384 -256 128.048004 ) (758 -256 128.048004 ) (758 -1024 128.048004 ) 
4 110 126 (384 -131 128.048004 ) (384 -129 128.048004 ) (758 -129 128.048004 ) (758 -131 128.048004 ) 
4 110 124 (384 -129 128.048004 ) (384 -128 128.048004 ) (394 -128 128.048004 ) (394 -129 128.048004 ) 
4 110 113 (394 -128 128.048004 ) (758 -128 128.048004 ) (758 -129 128.048004 ) (394 -129 128.048004 ) 
4 110 111 (758 -128 128.048004 ) (768 -128 128.048004 ) (768 -1024 128.048004 ) (758 -1024 128.048004 ) 
4 111 158 (758 -1024 0 ) (768 -1024 0 ) (768 -1024 128.048004 ) (758 -1024 128.048004 ) 
4 111 141 (768 -381 0 ) (768 -384 0 ) (758 -384 0 ) (758 -381 0 ) 
4 111 144 (768 -384 0 ) (768 -1024 0 ) (758 -1024 0 ) (758 -384 0 ) 
4 111 132 (768 -128 0 ) (768 -256 0 ) (758 -256 0 ) (758 -128 0 ) 
4 111 140 (768 -256 0 ) (768 -381 0 ) (758 -381 0 ) (758 -256 0 ) 
4 111 129 (758 -253 0 ) (758 -256 0 ) (758 -256 128.048004 ) (758 -253 128.048004 ) 
4 111 128 (758 -131 0 ) (758 -253 0 ) (758 -253 128.048004 ) (758 -131 128.048004 ) 
4 111 131 (758 -256 0 ) (758 -1024 0 ) (758 -1024 128.048004 ) (758 -256 128.048004 ) 
4 111 126 (758 -129 0 ) (758 -131 0 ) (758 -131 128.048004 ) (758 -129 128.048004 ) 
4 111 121 (758 -128 0 ) (758 -129 0 ) (758 -129 39 ) (758 -128 39 ) 
4 111 115 (758 -129 39 ) (758 -129 112 ) (758 -128 112 ) (758 -128 39 ) 
4 111 113 (758 -129 112 ) (758 -129 128.048004 ) (758 -128 128.048004 ) (758 -128 112 ) 
4 112 118 (394 -118 112 ) (394 0 112 ) (429 0 112 ) (429 -118 112 ) 
4 112 116 (429 0 112 ) (723 0 112 ) (723 -117 112 ) (429 -117 112 ) 
4 112 114 (723 0 112 ) (758 0 112 ) (758 -118 112 ) (723 -118 112 ) 
4 113 126 (758 -129 112 ) (758 -129 128.048004 ) (394 -129 128.048004 ) (394 -129 112 ) 
4 113 124 (394 -129 112 ) (394 -129 128.048004 ) (394 -128 128.048004 ) (394 -128 112 ) 
4 113 119 (429 -129 112 ) (394 -129 112 ) (394 -128 112 ) (429 -128 112 ) 
4 113 115 (758 -129 112 ) (723 -129 112 ) (723 -128 112 ) (758 -128 112 ) 
4 114 120 (723 -118 39 ) (723 0 39 ) (758 0 39 ) (758 -118 39 ) 
4 114 116 (723 0 39 ) (723 -117 39 ) (723 -117 112 ) (723 0 112 ) 
4 115 126 (758 -129 39 ) (758 -129 112 ) (723 -129 112 ) (723 -129 39 ) 
4 115 121 (758 -129 39 ) (723 -129 39 ) (723 -128 39 ) (758 -128 39 ) 
4 116 120 (429 -117 39 ) (429 0 39 ) (723 0 39 ) (723 -117 39 ) 
4 116 118 (429 0 39 ) (429 -117 39 ) (429 -117 112 ) (429 0 112 ) 
4 116 117 (431 -117 41 ) (721 -117 41 ) (721 -117 110 ) (431 -117 110 ) 
4 117 126 (431 -129 41 ) (721 -129 41 ) (721 -129 110 ) (431 -129 110 ) 
4 118 123 (394 0 108.047997 ) (394 0 39 ) (394 -24 39 ) (394 -24 108.047997 ) 
4 118 120 (394 -117.975998 39 ) (394 0 39 ) (429 0 39 ) (429 -117.975998 39 ) 
4 119 126 (429 -129 112 ) (394 -129 112 ) (394 -129 39 ) (429 -129 39 ) 
4 119 124 (394 -129 39 ) (394 -129 112 ) (394 -127.975998 112 ) (394 -127.975998 39 ) 
4 119 121 (429 -129 39 ) (394 -129 39 ) (394 -127.975998 39 ) (429 -127.975998 39 ) 
4 120 123 (394 0 0 ) (394 -24 0 ) (394 -24 39 ) (394 0 39 ) 
4 121 132 (758 -128 0 ) (758 -129 0 ) (474 -129 0 ) (474 -128 0 ) 
5 121 126 (474 -129 0 ) (758 -129 0 ) (758 -129 39 ) (394 -129 39 ) (394 -129 26.666655 ) 
4 121 124 (394 -129 26.666653 ) (394 -129 39 ) (394 -128 39 ) (394 -128 26.666655 ) 
4 121 122 (473.996094 -129 0 ) (394 -129 26.665363 ) (394 -128 26.665363 ) (473.996094 -128 0 ) 
4 122 134 (474 -129 0 ) (394 -129 0 ) (394 -128 0 ) (474 -128 0 ) 
3 122 127 (394 -129 0 ) (474 -129 0 ) (394 -129 26.666655 ) 
4 122 125 (394 -128 0 ) (394 -129 0 ) (394 -129 26.666653 ) (394 -128 26.666655 ) 
4 123 146 (384 0 30 ) (384 0 0 ) (384 -24 0 ) (384 -24 30 ) 
4 123 145 (384 0 108.047997 ) (384 0 30 ) (384 -24 30 ) (384 -24 108.047997 ) 
4 124 145 (384 -129 30 ) (384 -129 128.048004 ) (384 -128 128.048004 ) (384 -128 30 ) 
4 124 126 (394 -129 26.666655 ) (394 -129 128.048004 ) (384 -129 128.048004 ) (384 -129 30 ) 
4 124 125 (384 -128 29.997391 ) (394 -128 26.664063 ) (394 -129 26.664063 ) (384 -129 29.997396 ) 
4 125 147 (384 -128 0 ) (384 -129 0 ) (384 -129 30 ) (384 -128 30 ) 
4 125 134 (384 -129 0 ) (384 -128 0 ) (394 -128 0 ) (394 -129 0 ) 
4 125 127 (384 -129 0 ) (394 -129 0 ) (394 -129 26.666655 ) (384 -129 30 ) 
4 126 145 (384 -131 30 ) (384 -131 128.048004 ) (384 -129 128.048004 ) (384 -129 30 ) 
4 126 132 (474 -129 0 ) (758 -129 0 ) (758 -131 0 ) (474 -131 0 ) 
5 126 128 (474 -131 0 ) (758 -131 0 ) (758 -131 128.048004 ) (384 -131 128.048004 ) (384 -131 30 ) 
4 126 127 (473.996094 -131 0 ) (384 -131 29.998697 ) (384 -129 29.998352 ) (473.996094 -129 0 ) 
4 127 147 (384 -129 0 ) (384 -131 0 ) (384 -131 30 ) (384 -129 30 ) 
4 127 134 (384 -131 0 ) (384 -129 0 ) (474 -129 0 ) (474 -131 0 ) 
3 127 128 (384 -131 0 ) (474 -131 0 ) (384 -131 30 ) 
4 128 148 (384 -131 0 ) (384 -253 0 ) (384 -253 30 ) (384 -131 30 ) 
4 128 145 (384 -253 30 ) (384 -253 128.048004 ) (384 -131 128.048004 ) (384 -131 30 ) 
4 128 136 (384 -253 0 ) (384 -131 0 ) (474 -131 0 ) (474 -253 0 ) 
4 128 132 (474 -131 0 ) (758 -131 0 ) (758 -253 0 ) (474 -253 0 ) 
3 128 130 (384 -253 0 ) (474 -253 0 ) (384 -253 30 ) 
5 128 129 (474 -253 0 ) (758 -253 0 ) (758 -253 128.048004 ) (384 -253 128.048004 ) (384 -253 30 ) 
4 129 145 (384 -256 30 ) (384 -256 128.048004 ) (384 -253 128.048004 ) (384 -253 30 ) 
4 129 132 (474 -253 0 ) (758 -253 0 ) (758 -256 0 ) (474 -256 0 ) 
5 129 131 (474 -256 0 ) (758 -256 0 ) (758 -256 128.048004 ) (384 -256 128.048004 ) (384 -256 30 ) 
4 129 130 (473.996094 -256 0 ) (384 -256 29.998697 ) (384 -253 29.998352 ) (473.996094 -253 0 ) 
4 130 150 (384 -253 0 ) (384 -256 0 ) (384 -256 30 ) (384 -253 30 ) 
4 130 138 (384 -256 0 ) (384 -253 0 ) (474 -253 0 ) (474 -256 0 ) 
3 130 131 (384 -256 0 ) (474 -256 0 ) (384 -256 30 ) 
4 131 158 (384 -1024 128.048004 ) (384 -1024 0 ) (758 -1024 0 ) (758 -1024 128.048004 ) 
4 131 151 (384 -256 0 ) (384 -1024 0 ) (384 -1024 30 ) (384 -256 30 ) 
4 131 145 (384 -1024 30 ) (384 -1024 128.048004 ) (384 -256 128.048004 ) (384 -256 30 ) 
4 131 141 (384 -384 0 ) (384 -381 0 ) (758 -381 0 ) (758 -384 0 ) 
4 131 144 (384 -1024 0 ) (384 -384 0 ) (758 -384 0 ) (758 -1024 0 ) 
4 131 140 (384 -381 0 ) (384 -256 0 ) (758 -256 0 ) (758 -381 0 ) 
4 132 138 (768 -256 -98 ) (473.996094 -256 0 ) (473.996094 -253 0 ) (768 -253 -98 ) 
4 132 136 (473.996094 -253 0 ) (473.996094 -131 0 ) (768 -131 -98.001274 ) (768 -253 -98 ) 
4 132 134 (473.996094 -131 0 ) (473.996094 -128 0 ) (768 -128 -98.001305 ) (768 -131 -98.001274 ) 
3 132 140 (768 -256 -98 ) (768 -256 0 ) (474 -256 0 ) 
4 133 139 (384 -253 -4.060577 ) (384 -256 -4.060547 ) (755.997192 -256 -128 ) (755.997131 -253 -128 ) 
4 133 137 (384 -131 -4.061806 ) (384 -253 -4.060577 ) (755.997131 -253 -128 ) (755.994263 -131 -128 ) 
4 133 135 (755.994202 -128 -128 ) (384 -128 -4.061836 ) (384 -131 -4.061806 ) (755.994263 -131 -128 ) 
3 133 140 (384 -256 -4.061542 ) (384 -256 -128 ) (755.994263 -256 -128 ) 
4 134 136 (768 -131 -127.937996 ) (768 -131 -98 ) (473.996094 -131 0 ) (384 -131 0 ) 
4 134 135 (768 -131 -127.937500 ) (384.003906 -131 0 ) (384 -128 0 ) (768 -128 -127.938011 ) 
5 135 137 (384 -131 -4.064451 ) (755.985535 -131 -128 ) (768 -131 -128 ) (768 -131 -127.937996 ) (384 -131 0 ) 
4 136 138 (768 -253 -127.937996 ) (768 -253 -98 ) (473.996094 -253 0 ) (384 -253 0 ) 
4 136 137 (768 -253 -127.937500 ) (384.003906 -253 0 ) (384 -131 0 ) (768 -131 -127.938011 ) 
5 137 139 (384 -253 -4.064451 ) (755.985535 -253 -128 ) (768 -253 -128 ) (768 -253 -127.937996 ) (384 -253 0 ) 
4 138 140 (768 -256 -127.937996 ) (768 -256 -98 ) (474 -256 0 ) (384 -256 0 ) 
4 138 139 (768 -256 -127.937500 ) (384.003906 -256 0 ) (384 -253 0 ) (768 -253 -127.938011 ) 
5 139 140 (768 -256 -128 ) (768 -256 -127.937996 ) (384 -256 0 ) (384 -256 -4.061542 ) (755.994263 -256 -128 ) 
4 140 152 (384 -256 -128 ) (384 -381 -128 ) (384 -381 0 ) (384 -256 0 ) 
4 140 143 (512 -381 -98 ) (384 -381 -98 ) (384 -381 -128 ) (512 -381 -128 ) 
4 140 142 (768 -381 -128 ) (768 -381 -98 ) (512 -381 -98 ) (512 -381 -128 ) 
4 140 141 (768 -381 -98 ) (768 -381 0 ) (384 -381 0 ) (384 -381 -98 ) 
4 141 153 (384 -384 -98 ) (384 -384 0 ) (384 -381 0 ) (384 -381 -98 ) 
4 141 143 (512 -384 -98 ) (384 -384 -98 ) (384 -381 -98 ) (512 -381 -98 ) 
4 141 142 (768 -384 -98 ) (512 -384 -98 ) (512 -381 -98 ) (768 -381 -98 ) 
4 141 144 (768 -384 -98 ) (768 -384 0 ) (384 -384 0 ) (384 -384 -98 ) 
4 142 144 (768 -384 -128 ) (768 -384 -98 ) (512 -384 -98 ) (512 -384 -128 ) 
4 142 143 (512 -384 -128 ) (512 -384 -98 ) (512 -381 -98 ) (512 -381 -128 ) 
4 143 154 (384 -381 -128 ) (384 -384 -128 ) (384 -384 -98 ) (384 -381 -98 ) 
4 143 144 (512 -384 -98 ) (384 -384 -98 ) (384 -384 -128 ) (512 -384 -128 ) 
4 144 158 (384 -1024 0 ) (384 -1024 -128 ) (768 -1024 -128 ) (768 -1024 0 ) 
4 144 156 (768 -384 -128 ) (768 -1024 -128 ) (384 -1024 -128 ) (384 -384 -128 ) 
4 144 155 (384 -384 -128 ) (384 -1024 -128 ) (384 -1024 0 ) (384 -384 0 ) 
4 145 162 (0 0 7072.049805 ) (0 0 30 ) (0 -1024 30 ) (0 -1024 7072.049805 ) 
4 145 158 (0 -1024 7072.049805 ) (0 -1024 30 ) (384 -1024 30 ) (384 -1024 7072.049805 ) 
4 145 151 (0 -1024 30 ) (0 -256 30 ) (384 -256 30 ) (384 -1024 30 ) 
4 145 150 (0 -256 30 ) (0 -253 30 ) (384 -253 30 ) (384 -256 30 ) 
4 145 147 (384 -128 30 ) (384 -131 30 ) (352 -131 30 ) (352 -128 30 ) 
4 145 146 (352 0 30 ) (384 0 30 ) (384 -128 30 ) (352 -128 30 ) 
4 145 148 (384 -131 30 ) (384 -253 30 ) (352 -253 30 ) (352 -131 30 ) 
4 145 149 (0 -253 30 ) (0 0 30 ) (352 0 30 ) (352 -253 30 ) 
4 146 149 (352 0 0 ) (352 -128 0 ) (352 -128 30 ) (352 0 30 ) 
4 146 147 (352 -128 30 ) (352 -128 0 ) (384 -128 0 ) (384 -128 30 ) 
4 147 148 (352 -131 30 ) (352 -131 0 ) (384 -131 0 ) (384 -131 30 ) 
4 147 149 (352 -128 0 ) (352 -131 0 ) (352 -131 30 ) (352 -128 30 ) 
4 148 150 (352 -253 0 ) (384 -253 0 ) (384 -253 30 ) (352 -253 30 ) 
4 148 149 (352 -131 0 ) (352 -253 0 ) (352 -253 30 ) (352 -131 30 ) 
4 149 163 (0 0 30 ) (0 0 0 ) (0 -253 0 ) (0 -253 30 ) 
4 149 150 (0 -253 0 ) (352 -253 0 ) (352 -253 30 ) (0 -253 30 ) 
4 150 166 (0 -253 0 ) (0 -256 0 ) (0 -256 30 ) (0 -253 30 ) 
4 150 151 (0 -256 0 ) (384 -256 0 ) (384 -256 30 ) (0 -256 30 ) 
4 151 167 (0 -256 0 ) (0 -1024 0 ) (0 -1024 30 ) (0 -256 30 ) 
4 151 158 (0 -1024 30 ) (0 -1024 0 ) (384 -1024 0 ) (384 -1024 30 ) 
4 151 153 (384 -381 0 ) (384 -384 0 ) (0 -384 0 ) (0 -381 0 ) 
4 151 155 (384 -384 0 ) (384 -1024 0 ) (0 -1024 0 ) (0 -384 0 ) 
4 151 152 (384 -256 0 ) (384 -381 0 ) (0 -381 0 ) (0 -256 0 ) 
4 152 169 (0 -256 -128 ) (0 -381 -128 ) (0 -381 0 ) (0 -256 0 ) 
4 152 154 (0 -381 -128 ) (384 -381 -128 ) (384 -381 -98 ) (0 -381 -98 ) 
4 152 153 (384 -381 -98 ) (384 -381 0 ) (0 -381 0 ) (0 -381 -98 ) 
4 153 171 (0 -384 -98 ) (0 -384 0 ) (0 -381 0 ) (0 -381 -98 ) 
4 153 155 (384 -384 -98 ) (384 -384 0 ) (0 -384 0 ) (0 -384 -98 ) 
4 153 154 (384 -384 -98 ) (0 -384 -98 ) (0 -381 -98 ) (384 -381 -98 ) 
4 154 172 (0 -381 -128 ) (0 -384 -128 ) (0 -384 -98 ) (0 -381 -98 ) 
4 154 155 (0 -384 -128 ) (384 -384 -128 ) (384 -384 -98 ) (0 -384 -98 ) 
4 155 173 (0 -384 -128 ) (0 -1024 -128 ) (0 -1024 0 ) (0 -384 0 ) 
4 155 158 (0 -1024 0 ) (0 -1024 -128 ) (384 -1024 -128 ) (384 -1024 0 ) 
4 155 156 (384 -384 -128 ) (384 -1024 -128 ) (0 -1024 -128 ) (0 -384 -128 ) 
4 156 178 (0 -1024 -810 ) (0 -1024 -128 ) (0 -384 -128 ) (0 -384 -810 ) 
4 156 158 (1024 -1024 -810 ) (1024 -1024 -128 ) (0 -1024 -128 ) (0 -1024 -810 ) 
4 157 160 (2048 -2048 -810 ) (2048 -2048 7072.049805 ) (1024 -2048 7072.049805 ) (1024 -2048 -810 ) 
4 157 158 (1024 -1024 7072.049805 ) (1024 -1024 -810 ) (1024 -2048 -810 ) (1024 -2048 7072.049805 ) 
4 158 181 (0 -2048 -810 ) (0 -2048 7072.049805 ) (0 -1024 7072.049805 ) (0 -1024 -810 ) 
4 158 161 (1024 -2048 -810 ) (1024 -2048 7072.049805 ) (0 -2048 7072.049805 ) (0 -2048 -810 ) 
4 159 160 (2048 -2048 7072.049805 ) (2048 -2048 -810 ) (2048 -2457.600098 -810 ) (2048 -2457.600098 7072.049805 ) 
4 160 161 (1024 -2048 7072.049805 ) (1024 -2048 -810 ) (1024 -2457.600098 -810 ) (1024 -2457.600098 7072.049805 ) 
4 161 185 (0 -2457.600098 -810 ) (0 -2457.600098 7072.049805 ) (0 -2048 7072.049805 ) (0 -2048 -810 ) 
4 162 181 (0 -1024 30 ) (0 -1024 7072.049805 ) (-1024 -1024 7072.049805 ) (-1024 -1024 30 ) 
4 162 180 (-1024 0 7072.049805 ) (-1024 0 30 ) (-1024 -1024 30 ) (-1024 -1024 7072.049805 ) 
4 162 167 (0 -1024 30 ) (-256 -1024 30 ) (-256 -256 30 ) (0 -256 30 ) 
4 162 166 (-256 -256 30 ) (-256 -253 30 ) (0 -253 30 ) (0 -256 30 ) 
4 162 168 (-256 -1024 30 ) (-1024 -1024 30 ) (-1024 -253 30 ) (-256 -253 30 ) 
4 162 164 (-256 0 30 ) (-253 0 30 ) (-253 -253 30 ) (-256 -253 30 ) 
4 162 163 (-253 0 30 ) (0 0 30 ) (0 -253 30 ) (-253 -253 30 ) 
4 162 165 (-1024 -253 30 ) (-1024 0 30 ) (-256 0 30 ) (-256 -253 30 ) 
4 163 166 (-253 -253 0 ) (0 -253 0 ) (0 -253 30 ) (-253 -253 30 ) 
4 163 164 (-253 0 0 ) (-253 -253 0 ) (-253 -253 30 ) (-253 0 30 ) 
4 164 166 (-256 -253 0 ) (-253 -253 0 ) (-253 -253 30 ) (-256 -253 30 ) 
4 164 165 (-256 0 0 ) (-256 -253 0 ) (-256 -253 30 ) (-256 0 30 ) 
4 165 180 (-1024 0 30 ) (-1024 0 0 ) (-1024 -253 0 ) (-1024 -253 30 ) 
4 165 174 (-384 0 0 ) (-381 0 0 ) (-381 -253 0 ) (-384 -253 0 ) 
4 165 177 (-1024 -253 0 ) (-1024 0 0 ) (-384 0 0 ) (-384 -253 0 ) 
4 165 170 (-381 0 0 ) (-256 0 0 ) (-256 -253 0 ) (-381 -253 0 ) 
4 165 168 (-1024 -253 0 ) (-256 -253 0 ) (-256 -253 30 ) (-1024 -253 30 ) 
4 166 168 (-256 -253 30 ) (-256 -253 0 ) (-256 -256 0 ) (-256 -256 30 ) 
4 166 167 (-256 -256 30 ) (-256 -256 0 ) (0 -256 0 ) (0 -256 30 ) 
4 167 181 (0 -1024 0 ) (0 -1024 30 ) (-256 -1024 30 ) (-256 -1024 0 ) 
4 167 171 (0 -381 0 ) (0 -384 0 ) (-256 -384 0 ) (-256 -381 0 ) 
4 167 173 (0 -384 0 ) (0 -1024 0 ) (-256 -1024 0 ) (-256 -384 0 ) 
4 167 169 (0 -256 0 ) (0 -381 0 ) (-256 -381 0 ) (-256 -256 0 ) 
4 167 168 (-256 -256 0 ) (-256 -1024 0 ) (-256 -1024 30 ) (-256 -256 30 ) 
4 168 181 (-256 -1024 30 ) (-1024 -1024 30 ) (-1024 -1024 0 ) (-256 -1024 0 ) 
4 168 180 (-1024 -253 0 ) (-1024 -1024 0 ) (-1024 -1024 30 ) (-1024 -253 30 ) 
4 168 174 (-384 -253 0 ) (-381 -253 0 ) (-381 -384 0 ) (-384 -384 0 ) 
4 168 176 (-381 -384 0 ) (-381 -1024 0 ) (-384 -1024 0 ) (-384 -384 0 ) 
4 168 177 (-1024 -1024 0 ) (-1024 -253 0 ) (-384 -253 0 ) (-384 -1024 0 ) 
4 168 171 (-256 -381 0 ) (-256 -384 0 ) (-381 -384 0 ) (-381 -381 0 ) 
4 168 173 (-256 -384 0 ) (-256 -1024 0 ) (-381 -1024 0 ) (-381 -384 0 ) 
4 168 170 (-381 -253 0 ) (-256 -253 0 ) (-256 -381 0 ) (-381 -381 0 ) 
4 169 172 (-256 -381 -128 ) (0 -381 -128 ) (0 -381 -98 ) (-256 -381 -98 ) 
4 169 171 (0 -381 -98 ) (0 -381 0 ) (-256 -381 0 ) (-256 -381 -98 ) 
4 169 170 (-256 -256 -128 ) (-256 -381 -128 ) (-256 -381 0 ) (-256 -256 0 ) 
4 170 175 (-381 0 -128 ) (-381 -381 -128 ) (-381 -381 -98 ) (-381 0 -98 ) 
4 170 174 (-381 -381 -98 ) (-381 -381 0 ) (-381 0 0 ) (-381 0 -98 ) 
4 170 172 (-381 -381 -98 ) (-381 -381 -128 ) (-256 -381 -128 ) (-256 -381 -98 ) 
4 170 171 (-381 -381 0 ) (-381 -381 -98 ) (-256 -381 -98 ) (-256 -381 0 ) 
4 171 174 (-381 -384 -98 ) (-381 -384 0 ) (-381 -381 0 ) (-381 -381 -98 ) 
4 171 173 (-381 -384 0 ) (-381 -384 -98 ) (0 -384 -98 ) (0 -384 0 ) 
4 171 172 (0 -384 -98 ) (-381 -384 -98 ) (-381 -381 -98 ) (0 -381 -98 ) 
4 172 175 (-381 -381 -128 ) (-381 -384 -128 ) (-381 -384 -98 ) (-381 -381 -98 ) 
4 172 173 (-381 -384 -98 ) (-381 -384 -128 ) (0 -384 -128 ) (0 -384 -98 ) 
4 173 181 (0 -1024 -128 ) (0 -1024 0 ) (-381 -1024 0 ) (-381 -1024 -128 ) 
4 173 178 (0 -1024 -128 ) (-381 -1024 -128 ) (-381 -384 -128 ) (0 -384 -128 ) 
4 173 176 (-381 -384 -128 ) (-381 -1024 -128 ) (-381 -1024 0 ) (-381 -384 0 ) 
4 174 176 (-384 -384 0 ) (-384 -384 -98 ) (-381 -384 -98 ) (-381 -384 0 ) 
4 174 177 (-384 -384 -98 ) (-384 -384 0 ) (-384 0 0 ) (-384 0 -98 ) 
4 174 175 (-381 -384 -98 ) (-384 -384 -98 ) (-384 0 -98 ) (-381 0 -98 ) 
4 175 176 (-384 -384 -98 ) (-384 -384 -128 ) (-381 -384 -128 ) (-381 -384 -98 ) 
4 175 177 (-384 0 -128 ) (-384 -384 -128 ) (-384 -384 -98 ) (-384 0 -98 ) 
4 176 181 (-381 -1024 0 ) (-384 -1024 0 ) (-384 -1024 -128 ) (-381 -1024 -128 ) 
4 176 178 (-381 -1024 -128 ) (-384 -1024 -128 ) (-384 -384 -128 ) (-381 -384 -128 ) 
4 176 177 (-384 -384 -128 ) (-384 -1024 -128 ) (-384 -1024 0 ) (-384 -384 0 ) 
4 177 181 (-384 -1024 0 ) (-1024 -1024 0 ) (-1024 -1024 -128 ) (-384 -1024 -128 ) 
4 177 180 (-1024 0 0 ) (-1024 0 -128 ) (-1024 -1024 -128 ) (-1024 -1024 0 ) 
4 177 179 (-384 -1024 -128 ) (-1024 -1024 -128 ) (-1024 0 -128 ) (-384 0 -128 ) 
4 178 181 (0 -1024 -810 ) (0 -1024 -128 ) (-384 -1024 -128 ) (-384 -1024 -810 ) 
4 178 179 (-384 -1024 -128 ) (-384 -384 -128 ) (-384 -384 -810 ) (-384 -1024 -810 ) 
4 179 181 (-384 -1024 -810 ) (-384 -1024 -128 ) (-1024 -1024 -128 ) (-1024 -1024 -810 ) 
4 179 180 (-1024 0 -128 ) (-1024 0 -810 ) (-1024 -1024 -810 ) (-1024 -1024 -128 ) 
4 180 183 (-2048 0 7072.049805 ) (-2048 0 -810 ) (-2048 -1024 -810 ) (-2048 -1024 7072.049805 ) 
4 180 182 (-1024 -1024 -810 ) (-1024 -1024 7072.049805 ) (-2048 -1024 7072.049805 ) (-2048 -1024 -810 ) 
4 181 185 (0 -2048 -810 ) (0 -2048 7072.049805 ) (-1024 -2048 7072.049805 ) (-1024 -2048 -810 ) 
4 181 182 (-1024 -1024 7072.049805 ) (-1024 -1024 -810 ) (-1024 -2048 -810 ) (-1024 -2048 7072.049805 ) 
4 182 186 (-1024 -2048 -810 ) (-1024 -2048 7072.049805 ) (-2048 -2048 7072.049805 ) (-2048 -2048 -810 ) 
4 182 184 (-2048 -2048 -810 ) (-2048 -2048 7072.049805 ) (-2048 -1024 7072.049805 ) (-2048 -1024 -810 ) 
4 183 184 (-2048 -1024 -810 ) (-2048 -1024 7072.049805 ) (-2457.600098 -1024 7072.049805 ) (-2457.600098 -1024 -810 ) 
4 184 187 (-2048 -2048 -810 ) (-2048 -2048 7072.049805 ) (-2457.600098 -2048 7072.049805 ) (-2457.600098 -2048 -810 ) 
4 185 186 (-1024 -2048 7072.049805 ) (-1024 -2048 -810 ) (-1024 -2457.600098 -810 ) (-1024 -2457.600098 7072.049805 ) 
4 186 187 (-2048 -2048 7072.049805 ) (-2048 -2048 -810 ) (-2048 -2457.600098 -810 ) (-2048 -2457.600098 7072.049805 ) 
