


Using shader api: shaderapiempty.dll
materialPath: C:\Program Files (x86)\Steam\steamapps\common\half-life 2\ep2\materials
Loading C:\Users\Sully\Desktop\Hammer\4.x (Source)\hl2ep2\novakrumpect (waterplace)\public releases\gm_waterplace.vmf
Could not locate 'GameData' key in c:\program files (x86)\steam\steamapps\common\half-life 2\ep2\gameinfo.txt
Patching WVT material: maps/gm_waterplace/nature/blendsandsand008b_wvt_patch
fixing up env_cubemap materials on brush sides...
0...1...2...3...4...5...6...7...8...9...100...1...2...3...4...5...6...7...8...9...10Processing areas...done (0)
Building Faces...done (0)
Chop Details...done (0)
Find Visible Detail Sides...
Merged 28 detail faces...done (0)
Merging details...done (0)
FixTjuncs...
PruneNodes...
WriteBSP...
done (0)
writing C:\Users\Sully\Desktop\Hammer\4.x (Source)\hl2ep2\novakrumpect (waterplace)\public releases\gm_waterplace.prt...Building visibility clusters...
done (0)
Creating default LDR cubemaps for env_cubemap using skybox materials:
   skybox/sky_day01_07*.vmt
 ! Run buildcubemaps in the engine to get the correct cube maps.
Creating default HDR cubemaps for env_cubemap using skybox materials:
   skybox/sky_day01_07*.vmt
 ! Run buildcubemaps in the engine to get the correct cube maps.
Finding displacement neighbors...
Finding lightmap sample positions...
Displacement Alpha : 0...1...2...3...4...5...6...7...8...9...10
Building Physics collision data...
WARNING: Map using power 4 displacements, terrain physics cannot be compressed, map will need additional memory and CPU.
done (0) (111645 bytes)
Error! prop_static using model "models/props_junk/wood_pallet001a.mdl", which must be used on a dynamic entity (i.e. prop_physics). Deleted.
Error loading studio model "models/props_junk/wood_pallet001a.mdl"!
Placing detail props : 0...1...2...3...4...5...6...7...8...9...10
Water found with no water_lod_control entity, creating a default one.
Compacting texture/material tables...
Reduced 439 texinfos to 268
Reduced 55 texdatas to 48 (1410 bytes to 1125)
Writing C:\Users\Sully\Desktop\Hammer\4.x (Source)\hl2ep2\novakrumpect (waterplace)\public releases\gm_waterplace.bsp
1 second elapsed



8 threads
reading c:\users\sully\desktop\hammer\4.x (source)\hl2ep2\novakrumpect (waterplace)\public releases\gm_waterplace.bsp
reading c:\users\sully\desktop\hammer\4.x (source)\hl2ep2\novakrumpect (waterplace)\public releases\gm_waterplace.prt
 170 portalclusters
 445 numportals
0...1...2...3...4...5...6...7...8...9...100...1...2...3...4...5...6...7...8...9...10Optimized: 28 visible clusters (0.12%)
Total clusters visible: 22774
Average clusters visible: 133
Building PAS...
Average clusters audible: 163
visdatasize:8705  compressed from 8160
writing c:\users\sully\desktop\hammer\4.x (source)\hl2ep2\novakrumpect (waterplace)\public releases\gm_waterplace.bsp
0 seconds elapsed



[Reading texlights from 'lights.rad']
[48 texlights parsed from 'lights.rad']

Loading c:\users\sully\desktop\hammer\4.x (source)\hl2ep2\novakrumpect (waterplace)\public releases\gm_waterplace.bsp
1166 faces
1107839 square feet [159528832.00 square inches]
1 Displacements
182044 Square Feet [26214472.00 Square Inches]
1166 patches before subdivision
35174 patches after subdivision
29 direct lights
0...1...2...3...4...5...6...7...8...9...100...1...2...3...4...5...6...7...8...9...10transfers 1941429, max 409
transfer lists:  14.8 megs
0...1...2...3...4...5...6...7...8...9...10	Bounce #1 added RGB(16083, 11148, 6958)
0...1...2...3...4...5...6...7...8...9...10	Bounce #2 added RGB(2809, 1874, 929)
0...1...2...3...4...5...6...7...8...9...10	Bounce #3 added RGB(547, 356, 135)
0...1...2...3...4...5...6...7...8...9...10	Bounce #4 added RGB(111, 71, 22)
0...1...2...3...4...5...6...7...8...9...10	Bounce #5 added RGB(23, 14, 3)
0...1...2...3...4...5...6...7...8...9...10	Bounce #6 added RGB(5, 3, 1)
0...1...2...3...4...5...6...7...8...9...10	Bounce #7 added RGB(1, 1, 0)
Build Patch/Sample Hash Table(s).....Done<0.0084 sec>
0...1...2...3...4...5...6...7...8...9...10FinalLightFace Done
6 of 6 (100% of) surface lights went in leaf ambient cubes.
0...1...2...3...4...5...6...7...8...9...10Writing leaf ambient...done
Ready to Finish

Object names       Objects/Maxobjs  Memory / Maxmem  Fullness 
------------       ---------------  ---------------  -------- 
models                  15/1024          720/49152    ( 1.5%) 
brushes                135/8192         1620/98304    ( 1.6%) 
brushsides             935/65536        7480/524288   ( 1.4%) 
planes                 896/65536       17920/1310720  ( 1.4%) 
vertexes              1569/65536       18828/786432   ( 2.4%) 
nodes                  508/65536       16256/2097152  ( 0.8%) 
texinfos               268/12288       19296/884736   ( 2.2%) 
texdata                 48/2048         1536/65536    ( 2.3%) 
dispinfos                1/0             176/0        ( 0.0%) 
disp_verts             289/0            5780/0        ( 0.0%) 
disp_tris              512/0            1024/0        ( 0.0%) 
disp_lmsamples       71470/0           71470/0        ( 0.0%) 
faces                 1166/65536       65296/3670016  ( 1.8%) 
hdr faces                0/65536           0/3670016  ( 0.0%) 
origfaces              477/65536       26712/3670016  ( 0.7%) 
leaves                 524/65536       16768/2097152  ( 0.8%) 
leaffaces             1287/65536        2574/131072   ( 2.0%) 
leafbrushes            432/65536         864/131072   ( 0.7%) 
areas                    2/256            16/2048     ( 0.8%) 
surfedges             7259/512000      29036/2048000  ( 1.4%) 
edges                 4291/256000      17164/1024000  ( 1.7%) 
LDR worldlights         29/8192         2552/720896   ( 0.4%) 
HDR worldlights          0/8192            0/720896   ( 0.0%) 
leafwaterdata            1/32768          12/393216   ( 0.0%) 
waterstrips             59/32768         590/327680   ( 0.2%) 
waterverts               0/65536           0/786432   ( 0.0%) 
waterindices           981/65536        1962/131072   ( 1.5%) 
cubemapsamples           0/1024            0/16384    ( 0.0%) 
overlays                14/512          4928/180224   ( 2.7%) 
LDR lightdata         [variable]     1954980/0        ( 0.0%) 
HDR lightdata         [variable]           0/0        ( 0.0%) 
visdata               [variable]        8705/16777216 ( 0.1%) 
entdata               [variable]       53546/393216   (13.6%) 
LDR ambient table      524/65536        2096/262144   ( 0.8%) 
HDR ambient table      524/65536        2096/262144   ( 0.8%) 
LDR leaf ambient      2551/65536       71428/1835008  ( 3.9%) 
HDR leaf ambient       524/65536       14672/1835008  ( 0.8%) 
occluders                0/0               0/0        ( 0.0%) 
occluder polygons        0/0               0/0        ( 0.0%) 
occluder vert ind        0/0               0/0        ( 0.0%) 
detail props          [variable]           1/12       ( 8.3%) 
static props          [variable]           1/4336     ( 0.0%) 
pakfile               [variable]      175637/0        ( 0.0%) 
physics               [variable]      111645/4194304  ( 2.7%) 
physics terrain       [variable]           0/1048576  ( 0.0%) 

Level flags = 0

Total triangle count: 3002
Writing c:\users\sully\desktop\hammer\4.x (source)\hl2ep2\novakrumpect (waterplace)\public releases\gm_waterplace.bsp
5 seconds elapsed
