PRT1
170
445
4 0 4 (2048 2560 2112 ) (2048 2560 -192 ) (2048 2368 -192 ) (2048 2368 2112 ) 
4 0 1 (2368 2368 -192 ) (2560 2368 -192 ) (2560 2368 2112 ) (2368 2368 2112 ) 
4 0 2 (2048 2368 2112 ) (2048 2368 -192 ) (2368 2368 -192 ) (2368 2368 2112 ) 
4 1 10 (2560 2048 -192 ) (2560 2048 2112 ) (2368 2048 2112 ) (2368 2048 -192 ) 
4 1 2 (2368 2048 2112 ) (2368 2368 2112 ) (2368 2368 -192 ) (2368 2048 -192 ) 
4 2 11 (2048 2048 2112 ) (2048 2048 -358 ) (2368 2048 -358 ) (2368 2048 2112 ) 
4 2 5 (2048 2048 -358 ) (2048 2048 2112 ) (2048 2368 2112 ) (2048 2368 -358 ) 
4 2 3 (2368 2048 -358 ) (2048 2048 -358 ) (2048 2368 -358 ) (2368 2368 -358 ) 
4 3 12 (2368 2048 -358 ) (2048 2048 -358 ) (2048 2048 -810 ) (2368 2048 -810 ) 
4 3 6 (2048 2048 -810 ) (2048 2048 -358 ) (2048 2368 -358 ) (2048 2368 -810 ) 
4 4 7 (1024 2368 2112 ) (1024 2560 2112 ) (1024 2560 -192 ) (1024 2368 -192 ) 
4 4 5 (2048 2368 -192 ) (2048 2368 2112 ) (1024 2368 2112 ) (1024 2368 -192 ) 
4 5 16 (2048 2048 -358 ) (2048 2048 2112 ) (1024 2048 2112 ) (1024 2048 -358 ) 
4 5 8 (1024 2048 -358 ) (1024 2048 2112 ) (1024 2368 2112 ) (1024 2368 -358 ) 
4 5 6 (2048 2368 -358 ) (2048 2048 -358 ) (1024 2048 -358 ) (1024 2368 -358 ) 
4 6 17 (2048 2048 -810 ) (2048 2048 -358 ) (1024 2048 -358 ) (1024 2048 -810 ) 
4 6 9 (1024 2048 -810 ) (1024 2048 -358 ) (1024 2368 -358 ) (1024 2368 -810 ) 
4 7 63 (0 2368 2112 ) (0 2560 2112 ) (0 2560 -192 ) (0 2368 -192 ) 
4 7 8 (1024 2368 -192 ) (1024 2368 2112 ) (0 2368 2112 ) (0 2368 -192 ) 
4 8 64 (0 2048 -358 ) (0 2048 2112 ) (0 2368 2112 ) (0 2368 -358 ) 
4 8 18 (1024 2048 -358 ) (1024 2048 2112 ) (0 2048 2112 ) (0 2048 -358 ) 
4 8 9 (1024 2368 -358 ) (1024 2048 -358 ) (0 2048 -358 ) (0 2368 -358 ) 
4 9 65 (0 2048 -810 ) (0 2048 -358 ) (0 2368 -358 ) (0 2368 -810 ) 
4 9 19 (1024 2048 -810 ) (1024 2048 -358 ) (0 2048 -358 ) (0 2048 -810 ) 
4 10 13 (2560 1024 -192 ) (2560 1024 2112 ) (2368 1024 2112 ) (2368 1024 -192 ) 
4 10 11 (2368 1024 -192 ) (2368 1024 2112 ) (2368 2048 2112 ) (2368 2048 -192 ) 
4 11 16 (2048 2048 2112 ) (2048 2048 -358 ) (2048 1024 -358 ) (2048 1024 2112 ) 
4 11 14 (2048 1024 2112 ) (2048 1024 -358 ) (2368 1024 -358 ) (2368 1024 2112 ) 
4 11 12 (2368 1024 -358 ) (2048 1024 -358 ) (2048 2048 -358 ) (2368 2048 -358 ) 
4 12 17 (2048 2048 -358 ) (2048 2048 -810 ) (2048 1024 -810 ) (2048 1024 -358 ) 
4 12 15 (2368 1024 -358 ) (2048 1024 -358 ) (2048 1024 -810 ) (2368 1024 -810 ) 
4 13 92 (2560 0 -192 ) (2560 0 2112 ) (2368 0 2112 ) (2368 0 -192 ) 
4 13 14 (2368 0 -192 ) (2368 0 2112 ) (2368 1024 2112 ) (2368 1024 -192 ) 
4 14 93 (2048 0 2112 ) (2048 0 -358 ) (2368 0 -358 ) (2368 0 2112 ) 
4 14 21 (2048 0 -358 ) (2048 0 -128 ) (2048 1024 -128 ) (2048 1024 -358 ) 
4 14 20 (2048 0 -128 ) (2048 0 2112 ) (2048 1024 2112 ) (2048 1024 -128 ) 
4 14 15 (2368 0 -358 ) (2048 0 -358 ) (2048 1024 -358 ) (2368 1024 -358 ) 
4 15 94 (2368 0 -358 ) (2048 0 -358 ) (2048 0 -810 ) (2368 0 -810 ) 
4 15 23 (2048 0 -810 ) (2048 0 -358 ) (2048 1024 -358 ) (2048 1024 -810 ) 
4 16 22 (1152 1024 -128 ) (1024 1024 -128 ) (1024 1024 -358 ) (1152 1024 -358 ) 
4 16 21 (2048 1024 -358 ) (2048 1024 -128 ) (1152 1024 -128 ) (1152 1024 -358 ) 
4 16 20 (2048 1024 -128 ) (2048 1024 2112 ) (1024 1024 2112 ) (1024 1024 -128 ) 
4 16 18 (1024 2048 2112 ) (1024 2048 -358 ) (1024 1024 -358 ) (1024 1024 2112 ) 
4 16 17 (2048 1024 -358 ) (1024 1024 -358 ) (1024 2048 -358 ) (2048 2048 -358 ) 
4 17 24 (1152 1024 -358 ) (1024 1024 -358 ) (1024 1024 -810 ) (1152 1024 -810 ) 
4 17 23 (2048 1024 -810 ) (2048 1024 -358 ) (1152 1024 -358 ) (1152 1024 -810 ) 
4 17 19 (1024 2048 -358 ) (1024 2048 -810 ) (1024 1024 -810 ) (1024 1024 -358 ) 
4 18 73 (0 1024 -358 ) (0 1024 2112 ) (0 2048 2112 ) (0 2048 -358 ) 
4 18 55 (256 1024 -128 ) (218 1024 -128 ) (218 1024 -358 ) (256 1024 -358 ) 
4 18 58 (218 1024 -128 ) (0 1024 -128 ) (0 1024 -358 ) (218 1024 -358 ) 
4 18 54 (512 1024 -128 ) (256 1024 -128 ) (256 1024 -358 ) (512 1024 -358 ) 
4 18 53 (1024 1024 -358 ) (1024 1024 -128 ) (512 1024 -128 ) (512 1024 -358 ) 
4 18 52 (384 1024 0 ) (0 1024 0 ) (0 1024 -128 ) (384 1024 -128 ) 
4 18 51 (768 1024 0 ) (384 1024 0 ) (384 1024 -128 ) (768 1024 -128 ) 
4 18 50 (1024 1024 -128 ) (1024 1024 0 ) (768 1024 0 ) (768 1024 -128 ) 
4 18 39 (738 1024 128.048004 ) (384 1024 128.048004 ) (384 1024 0 ) (738 1024 0 ) 
4 18 49 (384 1024 128.048004 ) (0 1024 128.048004 ) (0 1024 0 ) (384 1024 0 ) 
4 18 31 (758 1024 128.048004 ) (738 1024 128.048004 ) (738 1024 0 ) (758 1024 0 ) 
4 18 30 (768 1024 128.048004 ) (758 1024 128.048004 ) (758 1024 0 ) (768 1024 0 ) 
4 18 29 (1024 1024 0 ) (1024 1024 128.048004 ) (768 1024 128.048004 ) (768 1024 0 ) 
4 18 27 (770 1024 152 ) (382 1024 152 ) (382 1024 128.048004 ) (770 1024 128.048004 ) 
4 18 26 (1024 1024 128.048004 ) (1024 1024 152 ) (770 1024 152 ) (770 1024 128.048004 ) 
4 18 28 (382 1024 152 ) (0 1024 152 ) (0 1024 128.048004 ) (382 1024 128.048004 ) 
4 18 25 (1024 1024 152 ) (1024 1024 2112 ) (0 1024 2112 ) (0 1024 152 ) 
4 18 19 (1024 2048 -358 ) (1024 1024 -358 ) (0 1024 -358 ) (0 2048 -358 ) 
4 19 74 (0 1024 -810 ) (0 1024 -358 ) (0 2048 -358 ) (0 2048 -810 ) 
4 19 60 (512 1024 -358 ) (256 1024 -358 ) (256 1024 -810 ) (512 1024 -810 ) 
4 19 59 (1024 1024 -810 ) (1024 1024 -358 ) (512 1024 -358 ) (512 1024 -810 ) 
4 19 62 (256 1024 -358 ) (0 1024 -358 ) (0 1024 -810 ) (256 1024 -810 ) 
4 20 98 (2048 0 -128 ) (2048 0 2112 ) (1024 0 2112 ) (1024 0 -128 ) 
4 20 50 (1024 1024 0 ) (1024 1024 -128 ) (1024 0 -128 ) (1024 0 0 ) 
4 20 29 (1024 1024 128.048004 ) (1024 1024 0 ) (1024 0 0 ) (1024 0 128.048004 ) 
4 20 26 (1024 1024 152 ) (1024 1024 128.048004 ) (1024 0 128.048004 ) (1024 0 152 ) 
4 20 25 (1024 1024 2112 ) (1024 1024 152 ) (1024 0 152 ) (1024 0 2112 ) 
4 20 22 (1024 384 -128 ) (1024 1024 -128 ) (1152 1024 -128 ) (1152 384 -128 ) 
4 20 21 (2048 0 -128 ) (1152 0 -128 ) (1152 1024 -128 ) (2048 1024 -128 ) 
4 21 99 (2048 0 -358 ) (2048 0 -128 ) (1152 0 -128 ) (1152 0 -358 ) 
4 21 23 (1152 1024 -358 ) (2048 1024 -358 ) (2048 0 -358 ) (1152 0 -358 ) 
4 21 22 (1152 1024 -358 ) (1152 384 -358 ) (1152 384 -128 ) (1152 1024 -128 ) 
4 22 53 (1024 1024 -128 ) (1024 1024 -358 ) (1024 384 -358 ) (1024 384 -128 ) 
4 22 24 (1024 1024 -358 ) (1152 1024 -358 ) (1152 384 -358 ) (1024 384 -358 ) 
4 23 101 (2048 0 -810 ) (2048 0 -358 ) (1152 0 -358 ) (1152 0 -810 ) 
4 23 24 (1152 1024 -810 ) (1152 384 -810 ) (1152 384 -358 ) (1152 1024 -358 ) 
4 24 59 (1024 1024 -358 ) (1024 1024 -810 ) (1024 384 -810 ) (1024 384 -358 ) 
4 25 104 (770 0 2112 ) (382 0 2112 ) (382 0 152 ) (770 0 152 ) 
4 25 103 (1024 0 152 ) (1024 0 2112 ) (770 0 2112 ) (770 0 152 ) 
4 25 106 (382 0 2112 ) (0 0 2112 ) (0 0 152 ) (382 0 152 ) 
4 25 77 (0 0 152 ) (0 0 2112 ) (0 1024 2112 ) (0 1024 152 ) 
4 25 27 (382 386 152 ) (382 1024 152 ) (770 1024 152 ) (770 386 152 ) 
4 25 26 (1024 0 152 ) (770 0 152 ) (770 1024 152 ) (1024 1024 152 ) 
4 25 28 (382 0 152 ) (0 0 152 ) (0 1024 152 ) (382 1024 152 ) 
4 26 103 (1024 0 128.048004 ) (1024 0 152 ) (770 0 152 ) (770 0 128.048004 ) 
4 26 29 (1024 1024 128.048004 ) (1024 0 128.048004 ) (770 0 128.048004 ) (770 1024 128.048004 ) 
4 26 27 (770 1024 128.048004 ) (770 386 128.048004 ) (770 386 152 ) (770 1024 152 ) 
4 27 39 (384 1024 128.048004 ) (738 1024 128.048004 ) (738 386 128.048004 ) (384 386 128.048004 ) 
4 27 49 (382 386 128.048004 ) (382 1024 128.048004 ) (384 1024 128.048004 ) (384 386 128.048004 ) 
4 27 31 (738 1024 128.048004 ) (758 1024 128.048004 ) (758 386 128.048004 ) (738 386 128.048004 ) 
4 27 30 (758 1024 128.048004 ) (768 1024 128.048004 ) (768 386 128.048004 ) (758 386 128.048004 ) 
4 27 29 (768 1024 128.048004 ) (770 1024 128.048004 ) (770 386 128.048004 ) (768 386 128.048004 ) 
4 27 28 (382 1024 128.048004 ) (382 386 128.048004 ) (382 386 152 ) (382 1024 152 ) 
4 28 106 (382 0 152 ) (0 0 152 ) (0 0 128.048004 ) (382 0 128.048004 ) 
4 28 77 (0 0 128.048004 ) (0 0 152 ) (0 1024 152 ) (0 1024 128.048004 ) 
4 28 49 (382 0 128.048004 ) (0 0 128.048004 ) (0 1024 128.048004 ) (382 1024 128.048004 ) 
4 29 107 (1024 0 0 ) (1024 0 128.048004 ) (768 0 128.048004 ) (768 0 0 ) 
4 29 50 (1024 0 0 ) (768 0 0 ) (768 1024 0 ) (1024 1024 0 ) 
4 29 30 (768 1024 0 ) (768 384 0 ) (768 384 128.048004 ) (768 1024 128.048004 ) 
4 30 51 (758 384 0 ) (758 1024 0 ) (768 1024 0 ) (768 384 0 ) 
4 30 31 (758 1024 0 ) (758 384 0 ) (758 384 128.048004 ) (758 1024 128.048004 ) 
4 31 51 (738 384 0 ) (738 1024 0 ) (758 1024 0 ) (758 384 0 ) 
4 31 39 (738 1024 0 ) (738 384 0 ) (738 384 128.048004 ) (738 1024 128.048004 ) 
4 32 40 (738 374 0 ) (738 200 0 ) (738 200 128.048004 ) (738 374 128.048004 ) 
4 32 33 (738 200 128.048004 ) (738 200 96 ) (758 200 96 ) (758 200 128.048004 ) 
4 33 42 (738 163 96 ) (738 163 128.048004 ) (738 166 128.048004 ) (738 166 96 ) 
4 33 40 (738 166 128.048004 ) (738 200 128.048004 ) (738 200 96 ) (738 166 96 ) 
4 33 34 (738 163 128.048004 ) (738 163 96 ) (758 163 96 ) (758 163 128.048004 ) 
4 34 42 (738 147 96 ) (738 147 128.048004 ) (738 163 128.048004 ) (738 163 96 ) 
4 34 36 (738 147 128.048004 ) (738 147 96 ) (758 147 96 ) (758 147 128.048004 ) 
4 35 43 (738 147 47 ) (738 147 82 ) (738 163 82 ) (738 163 47 ) 
4 36 42 (738 144 128.048004 ) (738 147 128.048004 ) (738 147 96 ) (738 144 96 ) 
4 36 41 (738 143 96 ) (738 143 128.048004 ) (738 144 128.048004 ) (738 144 96 ) 
4 36 37 (738 143 128.048004 ) (738 143 96 ) (758 143 96 ) (758 143 128.048004 ) 
4 37 41 (738 143 0 ) (738 133 0 ) (738 133 128.048004 ) (738 143 128.048004 ) 
4 38 116 (738 0 39 ) (738 0 0 ) (758 0 0 ) (758 0 39 ) 
4 38 111 (738 0 112 ) (738 0 39 ) (758 0 39 ) (758 0 112 ) 
4 38 109 (758 0 128.048004 ) (738 0 128.048004 ) (738 0 112 ) (758 0 112 ) 
4 38 47 (738 123 0 ) (738 0 0 ) (738 0 128.048004 ) (738 123 128.048004 ) 
4 39 51 (384 384 0 ) (384 1024 0 ) (738 1024 0 ) (738 384 0 ) 
4 39 49 (384 1024 0 ) (384 384 0 ) (384 384 128.048004 ) (384 1024 128.048004 ) 
4 40 46 (448 133 0 ) (576 133 0 ) (576 133 110 ) (448 133 110 ) 
4 40 44 (732 160 0 ) (738 166 0 ) (738 166 45 ) (732 160 45 ) 
4 40 42 (738 166 96 ) (738 166 128.048004 ) (732 160 128.048004 ) (732 160 90 ) 
4 40 43 (738 166 47 ) (738 166 82 ) (732 160 82 ) (732 160 47 ) 
4 40 45 (705 133 128.048004 ) (705 133 0 ) (732 160 0 ) (732 160 128.048004 ) 
4 41 44 (738 143.998047 45 ) (738 143.998047 0 ) (732 149.998047 0 ) (732 149.998047 45 ) 
4 41 42 (738 143.998047 128.048004 ) (738 143.998047 96 ) (732 149.998047 90 ) (732 149.998047 128.048004 ) 
4 41 43 (738 143.998047 82 ) (738 143.998047 47 ) (732 149.998047 47 ) (732 149.998047 82 ) 
4 41 45 (732 150 0 ) (732 133 0 ) (732 133 128.048004 ) (732 150 128.048004 ) 
4 42 45 (732 159.998047 128.048004 ) (732 159.998047 90 ) (732 150 90 ) (732 150 128.048004 ) 
4 43 45 (732 159.998047 82 ) (732 159.998047 47 ) (732 150 47 ) (732 150 82 ) 
4 44 45 (732 159.998047 45 ) (732 159.998047 0 ) (732 150 0 ) (732 150 45 ) 
4 46 47 (448 123 0 ) (576 123 0 ) (576 123 110 ) (448 123 110 ) 
4 47 116 (394 0 39 ) (394 0 0 ) (738 0 0 ) (738 0 39 ) 
4 47 114 (394 0 112 ) (394 0 39 ) (429 0 39 ) (429 0 112 ) 
4 47 113 (429 0 39 ) (723 0 39 ) (723 0 112 ) (429 0 112 ) 
4 47 111 (723 0 39 ) (738 0 39 ) (738 0 112 ) (723 0 112 ) 
4 47 109 (738 0 128.048004 ) (394 0 128.048004 ) (394 0 112 ) (738 0 112 ) 
4 47 48 (394 24 0 ) (394 0 0 ) (394 0 108.047997 ) (394 24 108.047997 ) 
4 48 118 (384 0 108.047997 ) (384 0 0 ) (394 0 0 ) (394 0 108.047997 ) 
4 48 49 (384 24 0 ) (384 0 0 ) (384 0 108.047997 ) (384 24 108.047997 ) 
4 49 119 (384 0 128.048004 ) (0 0 128.048004 ) (0 0 0 ) (384 0 0 ) 
4 49 77 (0 0 0 ) (0 0 128.048004 ) (0 1024 128.048004 ) (0 1024 0 ) 
4 49 52 (0 320 0 ) (0 1024 0 ) (384 1024 0 ) (384 320 0 ) 
4 50 122 (1024 0 -128 ) (1024 0 0 ) (768 0 0 ) (768 0 -128 ) 
4 50 53 (1024 1024 -128 ) (1024 384 -128 ) (768 384 -128 ) (768 1024 -128 ) 
4 50 51 (768 1024 -128 ) (768 384 -128 ) (768 384 0 ) (768 1024 0 ) 
4 51 54 (384 512 -128 ) (384 1024 -128 ) (512 1024 -128 ) (512 512 -128 ) 
4 51 53 (512 1024 -128 ) (768 1024 -128 ) (768 384 -128 ) (512 384 -128 ) 
4 51 52 (384 1024 -128 ) (384 384 -128 ) (384 384 0 ) (384 1024 0 ) 
4 52 78 (0 320 0 ) (0 1024 0 ) (0 1024 -128 ) (0 320 -128 ) 
4 52 56 (256 387 -128 ) (256 384 -128 ) (218 384 -128 ) (218 387 -128 ) 
4 52 55 (218 1024 -128 ) (256 1024 -128 ) (256 387 -128 ) (218 387 -128 ) 
4 52 58 (0 384 -128 ) (0 1024 -128 ) (218 1024 -128 ) (218 384 -128 ) 
4 52 54 (256 1024 -128 ) (384 1024 -128 ) (384 512 -128 ) (256 512 -128 ) 
4 53 59 (1024 1024 -358 ) (1024 384 -358 ) (512 384 -358 ) (512 1024 -358 ) 
4 53 54 (512 1024 -358 ) (512 512 -358 ) (512 512 -128 ) (512 1024 -128 ) 
4 54 61 (256 512 -358 ) (256 733 -358 ) (512 733 -358 ) (512 512 -358 ) 
4 54 60 (256 733 -358 ) (256 1024 -358 ) (512 1024 -358 ) (512 733 -358 ) 
4 54 55 (256 1024 -358 ) (256 512 -358 ) (256 512 -128 ) (256 1024 -128 ) 
4 55 62 (218 387 -358 ) (218 1024 -358 ) (256 1024 -358 ) (256 387 -358 ) 
4 55 56 (218 387 -128 ) (218 387 -145 ) (256 387 -145 ) (256 387 -128 ) 
4 55 57 (218 387 -195 ) (218 387 -358 ) (256 387 -358 ) (256 387 -195 ) 
4 55 58 (218 1024 -358 ) (218 387 -358 ) (218 387 -128 ) (218 1024 -128 ) 
4 56 58 (218 384 -145 ) (218 384 -128 ) (218 387 -128 ) (218 387 -145 ) 
4 57 62 (256 384 -358 ) (218 384 -358 ) (218 387 -358 ) (256 387 -358 ) 
4 57 58 (218 387 -358 ) (218 384 -358 ) (218 384 -195 ) (218 387 -195 ) 
4 58 80 (0 384 -128 ) (0 1024 -128 ) (0 1024 -358 ) (0 384 -358 ) 
4 58 62 (218 384 -358 ) (0 384 -358 ) (0 1024 -358 ) (218 1024 -358 ) 
4 59 61 (512 512 -364 ) (512 512 -358 ) (512 733 -358 ) (512 733 -364 ) 
4 59 60 (512 1024 -810 ) (512 733 -810 ) (512 733 -358 ) (512 1024 -358 ) 
4 60 61 (256 733 -358 ) (256 733 -364 ) (512 733 -364 ) (512 733 -358 ) 
4 60 62 (256 1024 -810 ) (256 733 -810 ) (256 733 -358 ) (256 1024 -358 ) 
4 61 62 (256 512 -364 ) (256 512 -358 ) (256 733 -358 ) (256 733 -364 ) 
4 62 82 (0 384 -358 ) (0 1024 -358 ) (0 1024 -810 ) (0 384 -810 ) 
4 63 66 (-1024 2368 2112 ) (-1024 2560 2112 ) (-1024 2560 -192 ) (-1024 2368 -192 ) 
4 63 64 (0 2368 -192 ) (0 2368 2112 ) (-1024 2368 2112 ) (-1024 2368 -192 ) 
4 64 73 (0 2048 -358 ) (0 2048 2112 ) (-1024 2048 2112 ) (-1024 2048 -358 ) 
4 64 67 (-1024 2048 -358 ) (-1024 2048 2112 ) (-1024 2368 2112 ) (-1024 2368 -358 ) 
4 64 65 (0 2048 -358 ) (-1024 2048 -358 ) (-1024 2368 -358 ) (0 2368 -358 ) 
4 65 74 (0 2048 -810 ) (0 2048 -358 ) (-1024 2048 -358 ) (-1024 2048 -810 ) 
4 65 68 (-1024 2048 -810 ) (-1024 2048 -358 ) (-1024 2368 -358 ) (-1024 2368 -810 ) 
4 66 69 (-2048 2368 2112 ) (-2048 2560 2112 ) (-2048 2560 -192 ) (-2048 2368 -192 ) 
4 66 67 (-1024 2368 -192 ) (-1024 2368 2112 ) (-2048 2368 2112 ) (-2048 2368 -192 ) 
4 67 75 (-1024 2048 -358 ) (-1024 2048 2112 ) (-2048 2048 2112 ) (-2048 2048 -358 ) 
4 67 70 (-2048 2048 -358 ) (-2048 2048 2112 ) (-2048 2368 2112 ) (-2048 2368 -358 ) 
4 67 68 (-1024 2368 -358 ) (-1024 2048 -358 ) (-2048 2048 -358 ) (-2048 2368 -358 ) 
4 68 76 (-1024 2048 -810 ) (-1024 2048 -358 ) (-2048 2048 -358 ) (-2048 2048 -810 ) 
4 68 72 (-2048 2048 -810 ) (-2048 2048 -358 ) (-2048 2368 -358 ) (-2048 2368 -810 ) 
4 69 71 (-2560 2368 2112 ) (-2560 2368 -192 ) (-2368 2368 -192 ) (-2368 2368 2112 ) 
4 69 70 (-2368 2368 -192 ) (-2048 2368 -192 ) (-2048 2368 2112 ) (-2368 2368 2112 ) 
4 70 86 (-2048 2048 -358 ) (-2048 2048 2112 ) (-2368 2048 2112 ) (-2368 2048 -358 ) 
4 70 72 (-2048 2368 -358 ) (-2048 2048 -358 ) (-2368 2048 -358 ) (-2368 2368 -358 ) 
4 70 71 (-2368 2048 2112 ) (-2368 2368 2112 ) (-2368 2368 -192 ) (-2368 2048 -192 ) 
4 71 87 (-2368 2048 2112 ) (-2560 2048 2112 ) (-2560 2048 -192 ) (-2368 2048 -192 ) 
4 72 88 (-2048 2048 -810 ) (-2048 2048 -358 ) (-2368 2048 -358 ) (-2368 2048 -810 ) 
4 73 80 (0 1024 -358 ) (0 1024 -128 ) (-384 1024 -128 ) (-384 1024 -358 ) 
4 73 81 (-384 1024 -128 ) (-1024 1024 -128 ) (-1024 1024 -358 ) (-384 1024 -358 ) 
4 73 78 (0 1024 -128 ) (0 1024 0 ) (-256 1024 0 ) (-256 1024 -128 ) 
4 73 79 (-256 1024 0 ) (-1024 1024 0 ) (-1024 1024 -128 ) (-256 1024 -128 ) 
4 73 77 (0 1024 0 ) (0 1024 2112 ) (-1024 1024 2112 ) (-1024 1024 0 ) 
4 73 75 (-1024 2048 2112 ) (-1024 2048 -358 ) (-1024 1024 -358 ) (-1024 1024 2112 ) 
4 73 74 (0 1024 -358 ) (-1024 1024 -358 ) (-1024 2048 -358 ) (0 2048 -358 ) 
4 74 82 (0 1024 -810 ) (0 1024 -358 ) (-384 1024 -358 ) (-384 1024 -810 ) 
4 74 83 (-384 1024 -358 ) (-1024 1024 -358 ) (-1024 1024 -810 ) (-384 1024 -810 ) 
4 74 76 (-1024 2048 -358 ) (-1024 2048 -810 ) (-1024 1024 -810 ) (-1024 1024 -358 ) 
4 75 86 (-2048 2048 2112 ) (-2048 2048 -358 ) (-2048 1024 -358 ) (-2048 1024 2112 ) 
4 75 84 (-1024 1024 -358 ) (-1024 1024 2112 ) (-2048 1024 2112 ) (-2048 1024 -358 ) 
4 75 76 (-2048 2048 -358 ) (-1024 2048 -358 ) (-1024 1024 -358 ) (-2048 1024 -358 ) 
4 76 88 (-2048 2048 -358 ) (-2048 2048 -810 ) (-2048 1024 -810 ) (-2048 1024 -358 ) 
4 76 85 (-1024 1024 -810 ) (-1024 1024 -358 ) (-2048 1024 -358 ) (-2048 1024 -810 ) 
4 77 141 (0 0 0 ) (0 0 2112 ) (-1024 0 2112 ) (-1024 0 0 ) 
4 77 84 (-1024 1024 2112 ) (-1024 1024 0 ) (-1024 0 0 ) (-1024 0 2112 ) 
4 77 78 (-256 1024 0 ) (0 1024 0 ) (0 320 0 ) (-256 320 0 ) 
4 77 79 (-1024 1024 0 ) (-256 1024 0 ) (-256 0 0 ) (-1024 0 0 ) 
4 78 80 (-256 384 -128 ) (-256 1024 -128 ) (0 1024 -128 ) (0 384 -128 ) 
4 78 79 (-256 1024 -128 ) (-256 320 -128 ) (-256 320 0 ) (-256 1024 0 ) 
4 79 143 (-256 0 0 ) (-1024 0 0 ) (-1024 0 -128 ) (-256 0 -128 ) 
4 79 84 (-1024 1024 0 ) (-1024 1024 -128 ) (-1024 0 -128 ) (-1024 0 0 ) 
4 79 80 (-384 384 -128 ) (-384 1024 -128 ) (-256 1024 -128 ) (-256 384 -128 ) 
4 79 81 (-384 0 -128 ) (-1024 0 -128 ) (-1024 1024 -128 ) (-384 1024 -128 ) 
4 80 82 (-384 1024 -358 ) (0 1024 -358 ) (0 384 -358 ) (-384 384 -358 ) 
4 80 81 (-384 1024 -358 ) (-384 384 -358 ) (-384 384 -128 ) (-384 1024 -128 ) 
4 81 145 (-384 0 -128 ) (-1024 0 -128 ) (-1024 0 -358 ) (-384 0 -358 ) 
4 81 84 (-1024 1024 -128 ) (-1024 1024 -358 ) (-1024 0 -358 ) (-1024 0 -128 ) 
4 81 83 (-1024 1024 -358 ) (-384 1024 -358 ) (-384 0 -358 ) (-1024 0 -358 ) 
4 82 83 (-384 1024 -810 ) (-384 384 -810 ) (-384 384 -358 ) (-384 1024 -358 ) 
4 83 147 (-384 0 -358 ) (-1024 0 -358 ) (-1024 0 -810 ) (-384 0 -810 ) 
4 83 85 (-1024 1024 -358 ) (-1024 1024 -810 ) (-1024 0 -810 ) (-1024 0 -358 ) 
4 84 148 (-1024 0 -358 ) (-1024 0 2112 ) (-2048 0 2112 ) (-2048 0 -358 ) 
4 84 89 (-2048 0 -358 ) (-2048 0 2112 ) (-2048 1024 2112 ) (-2048 1024 -358 ) 
4 84 85 (-1024 1024 -358 ) (-1024 0 -358 ) (-2048 0 -358 ) (-2048 1024 -358 ) 
4 85 149 (-1024 0 -810 ) (-1024 0 -358 ) (-2048 0 -358 ) (-2048 0 -810 ) 
4 85 91 (-2048 0 -810 ) (-2048 0 -358 ) (-2048 1024 -358 ) (-2048 1024 -810 ) 
4 86 89 (-2048 1024 -358 ) (-2048 1024 2112 ) (-2368 1024 2112 ) (-2368 1024 -358 ) 
4 86 88 (-2048 1024 -358 ) (-2368 1024 -358 ) (-2368 2048 -358 ) (-2048 2048 -358 ) 
4 86 87 (-2368 1024 -192 ) (-2368 1024 2112 ) (-2368 2048 2112 ) (-2368 2048 -192 ) 
4 87 90 (-2368 1024 2112 ) (-2560 1024 2112 ) (-2560 1024 -192 ) (-2368 1024 -192 ) 
4 88 91 (-2048 1024 -810 ) (-2048 1024 -358 ) (-2368 1024 -358 ) (-2368 1024 -810 ) 
4 89 154 (-2048 0 -358 ) (-2048 0 2112 ) (-2368 0 2112 ) (-2368 0 -358 ) 
4 89 91 (-2368 1024 -358 ) (-2048 1024 -358 ) (-2048 0 -358 ) (-2368 0 -358 ) 
4 89 90 (-2368 0 -192 ) (-2368 0 2112 ) (-2368 1024 2112 ) (-2368 1024 -192 ) 
4 90 155 (-2368 0 2112 ) (-2560 0 2112 ) (-2560 0 -192 ) (-2368 0 -192 ) 
4 91 156 (-2048 0 -810 ) (-2048 0 -358 ) (-2368 0 -358 ) (-2368 0 -810 ) 
4 92 95 (2560 -1024 -192 ) (2560 -1024 2112 ) (2368 -1024 2112 ) (2368 -1024 -192 ) 
4 92 93 (2368 -1024 -192 ) (2368 -1024 2112 ) (2368 0 2112 ) (2368 0 -192 ) 
4 93 99 (2048 0 -128 ) (2048 0 -358 ) (2048 -1024 -358 ) (2048 -1024 -128 ) 
4 93 98 (2048 0 2112 ) (2048 0 -128 ) (2048 -1024 -128 ) (2048 -1024 2112 ) 
4 93 96 (2048 -1024 2112 ) (2048 -1024 -358 ) (2368 -1024 -358 ) (2368 -1024 2112 ) 
4 93 94 (2368 -1024 -358 ) (2048 -1024 -358 ) (2048 0 -358 ) (2368 0 -358 ) 
4 94 101 (2048 0 -358 ) (2048 0 -810 ) (2048 -1024 -810 ) (2048 -1024 -358 ) 
4 94 97 (2368 -1024 -358 ) (2048 -1024 -358 ) (2048 -1024 -810 ) (2368 -1024 -810 ) 
4 95 131 (2560 -2048 -192 ) (2560 -2048 2112 ) (2368 -2048 2112 ) (2368 -2048 -192 ) 
4 95 96 (2368 -2048 -192 ) (2368 -2048 2112 ) (2368 -1024 2112 ) (2368 -1024 -192 ) 
4 96 132 (2048 -2048 2112 ) (2048 -2048 -358 ) (2368 -2048 -358 ) (2368 -2048 2112 ) 
4 96 127 (2048 -2048 -358 ) (2048 -2048 2112 ) (2048 -1024 2112 ) (2048 -1024 -358 ) 
4 96 97 (2368 -2048 -358 ) (2048 -2048 -358 ) (2048 -1024 -358 ) (2368 -1024 -358 ) 
4 97 134 (2368 -2048 -358 ) (2048 -2048 -358 ) (2048 -2048 -810 ) (2368 -2048 -810 ) 
4 97 128 (2048 -2048 -810 ) (2048 -2048 -358 ) (2048 -1024 -358 ) (2048 -1024 -810 ) 
4 98 127 (2048 -1024 -128 ) (2048 -1024 2112 ) (1024 -1024 2112 ) (1024 -1024 -128 ) 
4 98 122 (1024 0 0 ) (1024 0 -128 ) (1024 -1024 -128 ) (1024 -1024 0 ) 
4 98 107 (1024 0 128.048004 ) (1024 0 0 ) (1024 -1024 0 ) (1024 -1024 128.048004 ) 
4 98 103 (1024 0 2112 ) (1024 0 128.048004 ) (1024 -1024 128.048004 ) (1024 -1024 2112 ) 
4 98 100 (1024 -1024 -128 ) (1024 -384 -128 ) (1152 -384 -128 ) (1152 -1024 -128 ) 
4 98 99 (1152 0 -128 ) (2048 0 -128 ) (2048 -1024 -128 ) (1152 -1024 -128 ) 
4 99 127 (2048 -1024 -358 ) (2048 -1024 -128 ) (1152 -1024 -128 ) (1152 -1024 -358 ) 
4 99 101 (2048 -1024 -358 ) (1152 -1024 -358 ) (1152 0 -358 ) (2048 0 -358 ) 
4 99 100 (1152 -384 -358 ) (1152 -1024 -358 ) (1152 -1024 -128 ) (1152 -384 -128 ) 
4 100 127 (1152 -1024 -128 ) (1024 -1024 -128 ) (1024 -1024 -358 ) (1152 -1024 -358 ) 
4 100 125 (1024 -384 -358 ) (1024 -1024 -358 ) (1024 -1024 -128 ) (1024 -384 -128 ) 
4 100 102 (1152 -1024 -358 ) (1024 -1024 -358 ) (1024 -384 -358 ) (1152 -384 -358 ) 
4 101 128 (2048 -1024 -810 ) (2048 -1024 -358 ) (1152 -1024 -358 ) (1152 -1024 -810 ) 
4 101 102 (1152 -384 -810 ) (1152 -1024 -810 ) (1152 -1024 -358 ) (1152 -384 -358 ) 
4 102 128 (1152 -1024 -358 ) (1024 -1024 -358 ) (1024 -1024 -810 ) (1152 -1024 -810 ) 
4 102 126 (1024 -384 -810 ) (1024 -1024 -810 ) (1024 -1024 -358 ) (1024 -384 -358 ) 
4 103 129 (1024 -1024 128.048004 ) (1024 -1024 2112 ) (770 -1024 2112 ) (770 -1024 128.048004 ) 
4 103 107 (770 0 128.048004 ) (1024 0 128.048004 ) (1024 -1024 128.048004 ) (770 -1024 128.048004 ) 
4 103 104 (770 -130 152 ) (770 -130 2112 ) (770 0 2112 ) (770 0 152 ) 
4 103 105 (770 -130 128.048004 ) (770 -1024 128.048004 ) (770 -1024 2112 ) (770 -130 2112 ) 
4 104 105 (382 -130 2112 ) (382 -130 152 ) (770 -130 152 ) (770 -130 2112 ) 
4 104 106 (382 -130 152 ) (382 -130 2112 ) (382 0 2112 ) (382 0 152 ) 
4 105 129 (770 -1024 2112 ) (382 -1024 2112 ) (382 -1024 128.048004 ) (770 -1024 128.048004 ) 
4 105 120 (394 -1024 128.048004 ) (384 -1024 128.048004 ) (384 -130 128.048004 ) (394 -130 128.048004 ) 
4 105 121 (384 -1024 128.048004 ) (382 -1024 128.048004 ) (382 -130 128.048004 ) (384 -130 128.048004 ) 
4 105 110 (758 -1024 128.048004 ) (394 -1024 128.048004 ) (394 -130 128.048004 ) (758 -130 128.048004 ) 
4 105 108 (768 -1024 128.048004 ) (758 -1024 128.048004 ) (758 -130 128.048004 ) (768 -130 128.048004 ) 
4 105 107 (770 -130 128.048004 ) (770 -1024 128.048004 ) (768 -1024 128.048004 ) (768 -130 128.048004 ) 
4 105 106 (382 -130 128.048004 ) (382 -1024 128.048004 ) (382 -1024 2112 ) (382 -130 2112 ) 
4 106 141 (0 0 2112 ) (0 0 128.048004 ) (0 -1024 128.048004 ) (0 -1024 2112 ) 
4 106 129 (382 -1024 2112 ) (0 -1024 2112 ) (0 -1024 128.048004 ) (382 -1024 128.048004 ) 
4 106 121 (382 -24 128.048004 ) (382 -1024 128.048004 ) (0 -1024 128.048004 ) (0 -24 128.048004 ) 
4 106 119 (0 0 128.048004 ) (382 0 128.048004 ) (382 -24 128.048004 ) (0 -24 128.048004 ) 
4 107 129 (1024 -1024 0 ) (1024 -1024 128.048004 ) (768 -1024 128.048004 ) (768 -1024 0 ) 
4 107 122 (1024 -1024 0 ) (768 -1024 0 ) (768 0 0 ) (1024 0 0 ) 
4 107 108 (768 -128 0 ) (768 -1024 0 ) (768 -1024 128.048004 ) (768 -128 128.048004 ) 
4 108 129 (768 -1024 128.048004 ) (758 -1024 128.048004 ) (758 -1024 0 ) (768 -1024 0 ) 
4 108 123 (768 -1024 0 ) (758 -1024 0 ) (758 -128 0 ) (768 -128 0 ) 
4 108 117 (758 -128 0 ) (758 -1024 0 ) (758 -1024 39 ) (758 -128 39 ) 
4 108 112 (758 -1024 39 ) (758 -1024 112 ) (758 -128 112 ) (758 -128 39 ) 
4 108 110 (758 -1024 112 ) (758 -1024 128.048004 ) (758 -128 128.048004 ) (758 -128 112 ) 
4 109 114 (394 -118 112 ) (394 0 112 ) (429 0 112 ) (429 -118 112 ) 
4 109 113 (429 0 112 ) (723 0 112 ) (723 -118 112 ) (429 -118 112 ) 
4 109 111 (723 0 112 ) (758 0 112 ) (758 -118 112 ) (723 -118 112 ) 
4 110 129 (758 -1024 128.048004 ) (394 -1024 128.048004 ) (394 -1024 112 ) (758 -1024 112 ) 
4 110 120 (394 -1024 112 ) (394 -1024 128.048004 ) (394 -128 128.048004 ) (394 -128 112 ) 
4 110 115 (394 -1024 112 ) (394 -128 112 ) (429 -128 112 ) (429 -1024 112 ) 
4 110 113 (429 -128 112 ) (723 -128 112 ) (723 -1024 112 ) (429 -1024 112 ) 
4 110 112 (723 -128 112 ) (758 -128 112 ) (758 -1024 112 ) (723 -1024 112 ) 
4 111 116 (723 0 39 ) (758 0 39 ) (758 -118 39 ) (723 -118 39 ) 
4 111 113 (723 0 39 ) (723 -118 39 ) (723 -118 112 ) (723 0 112 ) 
4 112 129 (723 -1024 39 ) (758 -1024 39 ) (758 -1024 112 ) (723 -1024 112 ) 
4 112 117 (758 -128 39 ) (758 -1024 39 ) (723 -1024 39 ) (723 -128 39 ) 
4 112 113 (723 -128 39 ) (723 -1024 39 ) (723 -1024 112 ) (723 -128 112 ) 
4 113 129 (429 -1024 39 ) (723 -1024 39 ) (723 -1024 112 ) (429 -1024 112 ) 
4 113 116 (429 0 39 ) (723 0 39 ) (723 -118 39 ) (429 -118 39 ) 
4 113 117 (723 -128 39 ) (723 -1024 39 ) (429 -1024 39 ) (429 -128 39 ) 
4 113 114 (429 0 39 ) (429 -117.975998 39 ) (429 -117.975998 112 ) (429 0 112 ) 
4 113 115 (429 -127.975998 39 ) (429 -1024 39 ) (429 -1024 112 ) (429 -127.975998 112 ) 
4 114 118 (394 0 108.047997 ) (394 0 39 ) (394 -24 39 ) (394 -24 108.047997 ) 
4 114 116 (394 -117.975998 39 ) (394 0 39 ) (429 0 39 ) (429 -117.975998 39 ) 
4 115 129 (394 -1024 112 ) (394 -1024 39 ) (429 -1024 39 ) (429 -1024 112 ) 
4 115 120 (394 -1024 39 ) (394 -1024 112 ) (394 -127.975998 112 ) (394 -127.975998 39 ) 
4 115 117 (394 -1024 39 ) (394 -127.975998 39 ) (429 -127.975998 39 ) (429 -1024 39 ) 
4 116 118 (394 0 0 ) (394 -24 0 ) (394 -24 39 ) (394 0 39 ) 
4 117 129 (394 -1024 39 ) (394 -1024 0 ) (758 -1024 0 ) (758 -1024 39 ) 
4 117 123 (758 -1024 0 ) (394 -1024 0 ) (394 -128 0 ) (758 -128 0 ) 
4 117 120 (394 -128 0 ) (394 -1024 0 ) (394 -1024 39 ) (394 -128 39 ) 
4 118 119 (384 0 0 ) (384 -24 0 ) (384 -24 108.047997 ) (384 0 108.047997 ) 
4 119 141 (0 0 128.048004 ) (0 0 0 ) (0 -24 0 ) (0 -24 128.048004 ) 
4 119 121 (0 -24 0 ) (384 -24 0 ) (384 -24 128.048004 ) (0 -24 128.048004 ) 
4 120 129 (394 -1024 128.048004 ) (384 -1024 128.048004 ) (384 -1024 0 ) (394 -1024 0 ) 
4 120 123 (394 -1024 0 ) (384 -1024 0 ) (384 -128 0 ) (394 -128 0 ) 
4 120 121 (384 -128 0 ) (384 -1024 0 ) (384 -1024 128.048004 ) (384 -128 128.048004 ) 
4 121 141 (0 -24 0 ) (0 -1024 0 ) (0 -1024 128.048004 ) (0 -24 128.048004 ) 
4 121 129 (384 -1024 128.048004 ) (0 -1024 128.048004 ) (0 -1024 0 ) (384 -1024 0 ) 
4 121 124 (384 -1024 0 ) (0 -1024 0 ) (0 -256 0 ) (384 -256 0 ) 
4 122 129 (1024 -1024 -128 ) (1024 -1024 0 ) (768 -1024 0 ) (768 -1024 -128 ) 
4 122 125 (1024 -384 -128 ) (1024 -1024 -128 ) (768 -1024 -128 ) (768 -384 -128 ) 
4 122 123 (768 -128 -128 ) (768 -1024 -128 ) (768 -1024 0 ) (768 -128 0 ) 
4 123 129 (768 -1024 0 ) (384 -1024 0 ) (384 -1024 -128 ) (768 -1024 -128 ) 
4 123 125 (768 -384 -128 ) (768 -1024 -128 ) (384 -1024 -128 ) (384 -384 -128 ) 
4 123 124 (384 -256 -128 ) (384 -1024 -128 ) (384 -1024 0 ) (384 -256 0 ) 
4 124 142 (0 -256 -128 ) (0 -1024 -128 ) (0 -1024 0 ) (0 -256 0 ) 
4 124 129 (384 -1024 0 ) (0 -1024 0 ) (0 -1024 -128 ) (384 -1024 -128 ) 
4 124 125 (384 -384 -128 ) (384 -1024 -128 ) (0 -1024 -128 ) (0 -384 -128 ) 
4 125 144 (0 -384 -358 ) (0 -1024 -358 ) (0 -1024 -128 ) (0 -384 -128 ) 
4 125 129 (1024 -1024 -358 ) (1024 -1024 -128 ) (0 -1024 -128 ) (0 -1024 -358 ) 
4 125 126 (1024 -384 -358 ) (1024 -1024 -358 ) (0 -1024 -358 ) (0 -384 -358 ) 
4 126 146 (0 -384 -810 ) (0 -1024 -810 ) (0 -1024 -358 ) (0 -384 -358 ) 
4 126 130 (1024 -1024 -810 ) (1024 -1024 -358 ) (0 -1024 -358 ) (0 -1024 -810 ) 
4 127 135 (2048 -2048 -358 ) (2048 -2048 2112 ) (1024 -2048 2112 ) (1024 -2048 -358 ) 
4 127 129 (1024 -1024 2112 ) (1024 -1024 -358 ) (1024 -2048 -358 ) (1024 -2048 2112 ) 
4 127 128 (1024 -1024 -358 ) (2048 -1024 -358 ) (2048 -2048 -358 ) (1024 -2048 -358 ) 
4 128 137 (2048 -2048 -810 ) (2048 -2048 -358 ) (1024 -2048 -358 ) (1024 -2048 -810 ) 
4 128 130 (1024 -1024 -358 ) (1024 -1024 -810 ) (1024 -2048 -810 ) (1024 -2048 -358 ) 
4 129 150 (0 -2048 -358 ) (0 -2048 2112 ) (0 -1024 2112 ) (0 -1024 -358 ) 
4 129 138 (1024 -2048 -358 ) (1024 -2048 2112 ) (0 -2048 2112 ) (0 -2048 -358 ) 
4 129 130 (1024 -1024 -358 ) (1024 -2048 -358 ) (0 -2048 -358 ) (0 -1024 -358 ) 
4 130 151 (0 -2048 -810 ) (0 -2048 -358 ) (0 -1024 -358 ) (0 -1024 -810 ) 
4 130 140 (1024 -2048 -810 ) (1024 -2048 -358 ) (0 -2048 -358 ) (0 -2048 -810 ) 
4 131 133 (2560 -2368 -192 ) (2560 -2368 2112 ) (2368 -2368 2112 ) (2368 -2368 -192 ) 
4 131 132 (2368 -2368 -192 ) (2368 -2368 2112 ) (2368 -2048 2112 ) (2368 -2048 -192 ) 
4 132 135 (2048 -2048 2112 ) (2048 -2048 -358 ) (2048 -2368 -358 ) (2048 -2368 2112 ) 
4 132 134 (2048 -2368 -358 ) (2048 -2048 -358 ) (2368 -2048 -358 ) (2368 -2368 -358 ) 
4 132 133 (2048 -2368 2112 ) (2048 -2368 -192 ) (2368 -2368 -192 ) (2368 -2368 2112 ) 
4 133 136 (2048 -2560 -192 ) (2048 -2560 2112 ) (2048 -2368 2112 ) (2048 -2368 -192 ) 
4 134 137 (2048 -2048 -358 ) (2048 -2048 -810 ) (2048 -2368 -810 ) (2048 -2368 -358 ) 
4 135 138 (1024 -2048 2112 ) (1024 -2048 -358 ) (1024 -2368 -358 ) (1024 -2368 2112 ) 
4 135 137 (1024 -2368 -358 ) (1024 -2048 -358 ) (2048 -2048 -358 ) (2048 -2368 -358 ) 
4 135 136 (2048 -2368 -192 ) (2048 -2368 2112 ) (1024 -2368 2112 ) (1024 -2368 -192 ) 
4 136 139 (1024 -2560 -192 ) (1024 -2560 2112 ) (1024 -2368 2112 ) (1024 -2368 -192 ) 
4 137 140 (1024 -2048 -358 ) (1024 -2048 -810 ) (1024 -2368 -810 ) (1024 -2368 -358 ) 
4 138 160 (0 -2048 2112 ) (0 -2048 -358 ) (0 -2368 -358 ) (0 -2368 2112 ) 
4 138 140 (1024 -2048 -358 ) (1024 -2368 -358 ) (0 -2368 -358 ) (0 -2048 -358 ) 
4 138 139 (1024 -2368 -192 ) (1024 -2368 2112 ) (0 -2368 2112 ) (0 -2368 -192 ) 
4 139 161 (0 -2560 -192 ) (0 -2560 2112 ) (0 -2368 2112 ) (0 -2368 -192 ) 
4 140 162 (0 -2368 -358 ) (0 -2048 -358 ) (0 -2048 -810 ) (0 -2368 -810 ) 
4 141 150 (0 -1024 0 ) (0 -1024 2112 ) (-1024 -1024 2112 ) (-1024 -1024 0 ) 
4 141 148 (-1024 0 2112 ) (-1024 0 0 ) (-1024 -1024 0 ) (-1024 -1024 2112 ) 
4 141 142 (0 -1024 0 ) (-256 -1024 0 ) (-256 -256 0 ) (0 -256 0 ) 
4 141 143 (-256 -1024 0 ) (-1024 -1024 0 ) (-1024 0 0 ) (-256 0 0 ) 
4 142 150 (0 -1024 -128 ) (0 -1024 0 ) (-256 -1024 0 ) (-256 -1024 -128 ) 
4 142 144 (0 -384 -128 ) (0 -1024 -128 ) (-256 -1024 -128 ) (-256 -384 -128 ) 
4 142 143 (-256 -256 -128 ) (-256 -1024 -128 ) (-256 -1024 0 ) (-256 -256 0 ) 
4 143 150 (-256 -1024 0 ) (-1024 -1024 0 ) (-1024 -1024 -128 ) (-256 -1024 -128 ) 
4 143 148 (-1024 0 0 ) (-1024 0 -128 ) (-1024 -1024 -128 ) (-1024 -1024 0 ) 
4 143 144 (-256 -384 -128 ) (-256 -1024 -128 ) (-384 -1024 -128 ) (-384 -384 -128 ) 
4 143 145 (-1024 -1024 -128 ) (-1024 0 -128 ) (-384 0 -128 ) (-384 -1024 -128 ) 
4 144 150 (0 -1024 -358 ) (0 -1024 -128 ) (-384 -1024 -128 ) (-384 -1024 -358 ) 
4 144 146 (0 -1024 -358 ) (-384 -1024 -358 ) (-384 -384 -358 ) (0 -384 -358 ) 
4 144 145 (-384 -384 -358 ) (-384 -1024 -358 ) (-384 -1024 -128 ) (-384 -384 -128 ) 
4 145 150 (-384 -1024 -128 ) (-1024 -1024 -128 ) (-1024 -1024 -358 ) (-384 -1024 -358 ) 
4 145 148 (-1024 0 -128 ) (-1024 0 -358 ) (-1024 -1024 -358 ) (-1024 -1024 -128 ) 
4 145 147 (-384 -1024 -358 ) (-1024 -1024 -358 ) (-1024 0 -358 ) (-384 0 -358 ) 
4 146 151 (0 -1024 -810 ) (0 -1024 -358 ) (-384 -1024 -358 ) (-384 -1024 -810 ) 
4 146 147 (-384 -384 -810 ) (-384 -1024 -810 ) (-384 -1024 -358 ) (-384 -384 -358 ) 
4 147 151 (-384 -1024 -358 ) (-1024 -1024 -358 ) (-1024 -1024 -810 ) (-384 -1024 -810 ) 
4 147 149 (-1024 0 -358 ) (-1024 0 -810 ) (-1024 -1024 -810 ) (-1024 -1024 -358 ) 
4 148 154 (-2048 0 2112 ) (-2048 0 -358 ) (-2048 -1024 -358 ) (-2048 -1024 2112 ) 
4 148 152 (-1024 -1024 -358 ) (-1024 -1024 2112 ) (-2048 -1024 2112 ) (-2048 -1024 -358 ) 
4 148 149 (-2048 0 -358 ) (-1024 0 -358 ) (-1024 -1024 -358 ) (-2048 -1024 -358 ) 
4 149 156 (-2048 0 -358 ) (-2048 0 -810 ) (-2048 -1024 -810 ) (-2048 -1024 -358 ) 
4 149 153 (-1024 -1024 -810 ) (-1024 -1024 -358 ) (-2048 -1024 -358 ) (-2048 -1024 -810 ) 
4 150 160 (0 -2048 -358 ) (0 -2048 2112 ) (-1024 -2048 2112 ) (-1024 -2048 -358 ) 
4 150 152 (-1024 -1024 2112 ) (-1024 -1024 -358 ) (-1024 -2048 -358 ) (-1024 -2048 2112 ) 
4 150 151 (0 -2048 -358 ) (-1024 -2048 -358 ) (-1024 -1024 -358 ) (0 -1024 -358 ) 
4 151 162 (0 -2048 -810 ) (0 -2048 -358 ) (-1024 -2048 -358 ) (-1024 -2048 -810 ) 
4 151 153 (-1024 -1024 -358 ) (-1024 -1024 -810 ) (-1024 -2048 -810 ) (-1024 -2048 -358 ) 
4 152 163 (-1024 -2048 -358 ) (-1024 -2048 2112 ) (-2048 -2048 2112 ) (-2048 -2048 -358 ) 
4 152 157 (-2048 -2048 -358 ) (-2048 -2048 2112 ) (-2048 -1024 2112 ) (-2048 -1024 -358 ) 
4 152 153 (-1024 -1024 -358 ) (-1024 -2048 -358 ) (-2048 -2048 -358 ) (-2048 -1024 -358 ) 
4 153 165 (-1024 -2048 -810 ) (-1024 -2048 -358 ) (-2048 -2048 -358 ) (-2048 -2048 -810 ) 
4 153 159 (-2048 -2048 -810 ) (-2048 -2048 -358 ) (-2048 -1024 -358 ) (-2048 -1024 -810 ) 
4 154 157 (-2048 -1024 -358 ) (-2048 -1024 2112 ) (-2368 -1024 2112 ) (-2368 -1024 -358 ) 
4 154 156 (-2048 -1024 -358 ) (-2368 -1024 -358 ) (-2368 0 -358 ) (-2048 0 -358 ) 
4 154 155 (-2368 -1024 -192 ) (-2368 -1024 2112 ) (-2368 0 2112 ) (-2368 0 -192 ) 
4 155 158 (-2368 -1024 2112 ) (-2560 -1024 2112 ) (-2560 -1024 -192 ) (-2368 -1024 -192 ) 
4 156 159 (-2048 -1024 -810 ) (-2048 -1024 -358 ) (-2368 -1024 -358 ) (-2368 -1024 -810 ) 
4 157 166 (-2048 -2048 -358 ) (-2048 -2048 2112 ) (-2368 -2048 2112 ) (-2368 -2048 -358 ) 
4 157 159 (-2368 -1024 -358 ) (-2048 -1024 -358 ) (-2048 -2048 -358 ) (-2368 -2048 -358 ) 
4 157 158 (-2368 -2048 -192 ) (-2368 -2048 2112 ) (-2368 -1024 2112 ) (-2368 -1024 -192 ) 
4 158 167 (-2368 -2048 2112 ) (-2560 -2048 2112 ) (-2560 -2048 -192 ) (-2368 -2048 -192 ) 
4 159 169 (-2048 -2048 -810 ) (-2048 -2048 -358 ) (-2368 -2048 -358 ) (-2368 -2048 -810 ) 
4 160 163 (-1024 -2048 2112 ) (-1024 -2048 -358 ) (-1024 -2368 -358 ) (-1024 -2368 2112 ) 
4 160 162 (-1024 -2368 -358 ) (-1024 -2048 -358 ) (0 -2048 -358 ) (0 -2368 -358 ) 
4 160 161 (0 -2368 -192 ) (0 -2368 2112 ) (-1024 -2368 2112 ) (-1024 -2368 -192 ) 
4 161 164 (-1024 -2560 -192 ) (-1024 -2560 2112 ) (-1024 -2368 2112 ) (-1024 -2368 -192 ) 
4 162 165 (-1024 -2048 -358 ) (-1024 -2048 -810 ) (-1024 -2368 -810 ) (-1024 -2368 -358 ) 
4 163 166 (-2048 -2048 2112 ) (-2048 -2048 -358 ) (-2048 -2368 -358 ) (-2048 -2368 2112 ) 
4 163 165 (-2048 -2048 -358 ) (-1024 -2048 -358 ) (-1024 -2368 -358 ) (-2048 -2368 -358 ) 
4 163 164 (-1024 -2368 -192 ) (-1024 -2368 2112 ) (-2048 -2368 2112 ) (-2048 -2368 -192 ) 
4 164 168 (-2048 -2560 -192 ) (-2048 -2560 2112 ) (-2048 -2368 2112 ) (-2048 -2368 -192 ) 
4 165 169 (-2048 -2048 -358 ) (-2048 -2048 -810 ) (-2048 -2368 -810 ) (-2048 -2368 -358 ) 
4 166 169 (-2368 -2048 -358 ) (-2048 -2048 -358 ) (-2048 -2368 -358 ) (-2368 -2368 -358 ) 
4 166 168 (-2048 -2368 -192 ) (-2048 -2368 2112 ) (-2368 -2368 2112 ) (-2368 -2368 -192 ) 
4 166 167 (-2368 -2368 -192 ) (-2368 -2368 2112 ) (-2368 -2048 2112 ) (-2368 -2048 -192 ) 
4 167 168 (-2560 -2368 2112 ) (-2560 -2368 -192 ) (-2368 -2368 -192 ) (-2368 -2368 2112 ) 
